#
# There is insufficient memory for the Java Runtime Environment to continue.
# Native memory allocation (malloc) failed to allocate 2409104 bytes for Chunk::new
# Possible reasons:
#   The system is out of physical RAM or swap space
#   The process is running with CompressedOops enabled, and the Java Heap may be blocking the growth of the native heap
# Possible solutions:
#   Reduce memory load on the system
#   Increase physical memory or swap space
#   Check if swap backing store is full
#   Decrease Java heap size (-Xmx/-Xms)
#   Decrease number of Java threads
#   Decrease Java thread stack sizes (-Xss)
#   Set larger code cache with -XX:ReservedCodeCacheSize=
#   JVM is running with Zero Based Compressed Oops mode in which the Java heap is
#     placed in the first 32GB address space. The Java Heap base address is the
#     maximum limit for the native heap growth. Please use -XX:HeapBaseMinAddress
#     to set the Java Heap base and to place the Java Heap above 32GB virtual address.
# This output file may be truncated or incomplete.
#
#  Out of Memory Error (arena.cpp:184), pid=10412, tid=11904
#
# JRE version: OpenJDK Runtime Environment (19.0+36) (build 19+36-2238)
# Java VM: OpenJDK 64-Bit Server VM (19+36-2238, mixed mode, tiered, compressed oops, compressed class ptrs, g1 gc, windows-amd64)
# No core dump will be written. Minidumps are not enabled by default on client versions of Windows
#

---------------  S U M M A R Y ------------

Command Line: -Djpackage.app-version=19.0.0 --add-opens=javafx.fxml/javafx.fxml=ALL-UNNAMED -Djava.library.path=runtime\bin;runtime\lib -Djpackage.app-path=C:\Users\herztard\AppData\Local\SceneBuilder\SceneBuilder.exe com.oracle.javafx.scenebuilder.app.SceneBuilderApp D:\CSS108\Adilzhan_Slyamgazy_220103151_project_2\src\main\resources\herztalkingnews\views\main-view.fxml

Host: AMD Ryzen 5 3550H with Radeon Vega Mobile Gfx  , 8 cores, 15G,  Windows 10 , 64 bit Build 19041 (10.0.19041.1889)
Time: Fri Mar 31 01:03:39 2023 Central Asia Standard Time elapsed time: 5449.467663 seconds (0d 1h 30m 49s)

---------------  T H R E A D  ---------------

Current thread (0x0000018f990692c0):  JavaThread "C2 CompilerThread0" daemon [_thread_in_native, id=11904, stack(0x0000004e63800000,0x0000004e63900000)]


Current CompileTask:
C2:5449467 16317       4       com.oracle.javafx.scenebuilder.kit.editor.panel.inspector.InspectorPanelController::makeOrResetPropertyEditor (1710 bytes)

Stack: [0x0000004e63800000,0x0000004e63900000]
Native frames: (J=compiled Java code, j=interpreted, Vv=VM code, C=native code)
V  [jvm.dll+0x6ee8fa]
V  [jvm.dll+0x857a1e]
V  [jvm.dll+0x85940e]
V  [jvm.dll+0x859ac3]
V  [jvm.dll+0x28291f]
V  [jvm.dll+0xc9b5f]
V  [jvm.dll+0xc9ee5]
V  [jvm.dll+0x3bcbac]
V  [jvm.dll+0x386201]
V  [jvm.dll+0x38567a]
V  [jvm.dll+0x24c2c9]
V  [jvm.dll+0x24b671]
V  [jvm.dll+0x1d6d61]
V  [jvm.dll+0x25b0fa]
V  [jvm.dll+0x259588]
V  [jvm.dll+0x807928]
V  [jvm.dll+0x8015fa]
V  [jvm.dll+0x6ed5eb]
C  [ucrtbase.dll+0x21bb2]
C  [KERNEL32.DLL+0x17034]
C  [ntdll.dll+0x526a1]


---------------  P R O C E S S  ---------------

Threads class SMR info:
_java_thread_list=0x0000018f9f729b10, length=24, elements={
0x0000018ff6816dc0, 0x0000018fff0be450, 0x0000018f9905f7c0, 0x0000018f99034fb0,
0x0000018f99038900, 0x0000018f99061850, 0x0000018f99062ed0, 0x0000018f990692c0,
0x0000018f9906a570, 0x0000018f9906d6d0, 0x0000018f991d35e0, 0x0000018f991d7b30,
0x0000018f993716c0, 0x0000018f99587960, 0x0000018f99598f80, 0x0000018f99727ac0,
0x0000018f9975fd00, 0x0000018f99754720, 0x0000018f99756700, 0x0000018f997551c0,
0x0000018f99757c40, 0x0000018f997571a0, 0x0000018f99755c60, 0x0000018fa065b760
}

Java Threads: ( => current thread )
  0x0000018ff6816dc0 JavaThread "main" [_thread_blocked, id=7784, stack(0x0000004e62b00000,0x0000004e62c00000)]
  0x0000018fff0be450 JavaThread "Reference Handler" daemon [_thread_blocked, id=1764, stack(0x0000004e63200000,0x0000004e63300000)]
  0x0000018f9905f7c0 JavaThread "Finalizer" daemon [_thread_blocked, id=2364, stack(0x0000004e63300000,0x0000004e63400000)]
  0x0000018f99034fb0 JavaThread "Signal Dispatcher" daemon [_thread_blocked, id=9208, stack(0x0000004e63400000,0x0000004e63500000)]
  0x0000018f99038900 JavaThread "Attach Listener" daemon [_thread_blocked, id=11476, stack(0x0000004e63500000,0x0000004e63600000)]
  0x0000018f99061850 JavaThread "Service Thread" daemon [_thread_blocked, id=5952, stack(0x0000004e63600000,0x0000004e63700000)]
  0x0000018f99062ed0 JavaThread "Monitor Deflation Thread" daemon [_thread_blocked, id=2248, stack(0x0000004e63700000,0x0000004e63800000)]
=>0x0000018f990692c0 JavaThread "C2 CompilerThread0" daemon [_thread_in_native, id=11904, stack(0x0000004e63800000,0x0000004e63900000)]
  0x0000018f9906a570 JavaThread "C1 CompilerThread0" daemon [_thread_blocked, id=10964, stack(0x0000004e63900000,0x0000004e63a00000)]
  0x0000018f9906d6d0 JavaThread "Sweeper thread" daemon [_thread_blocked, id=6616, stack(0x0000004e63a00000,0x0000004e63b00000)]
  0x0000018f991d35e0 JavaThread "Common-Cleaner" daemon [_thread_blocked, id=2616, stack(0x0000004e63b00000,0x0000004e63c00000)]
  0x0000018f991d7b30 JavaThread "Notification Thread" daemon [_thread_blocked, id=9188, stack(0x0000004e63c00000,0x0000004e63d00000)]
  0x0000018f993716c0 JavaThread "QuantumRenderer-0" daemon [_thread_blocked, id=5784, stack(0x0000004e63e00000,0x0000004e63f00000)]
  0x0000018f99587960 JavaThread "InvokeLaterDispatcher" daemon [_thread_blocked, id=4984, stack(0x0000004e64100000,0x0000004e64200000)]
  0x0000018f99598f80 JavaThread "JavaFX Application Thread" [_thread_in_native, id=996, stack(0x0000004e64200000,0x0000004e64300000)]
  0x0000018f99727ac0 JavaThread "JavaFX-Launcher" [_thread_blocked, id=8712, stack(0x0000004e64a00000,0x0000004e64b00000)]
  0x0000018f9975fd00 JavaThread "Thread-2" daemon [_thread_in_native, id=5788, stack(0x0000004e64900000,0x0000004e64a00000)]
  0x0000018f99754720 JavaThread "MessageBox[C:\Users\herztard\AppData\Roaming\Scene Builder/MB]" daemon [_thread_blocked, id=5040, stack(0x0000004e64b00000,0x0000004e64c00000)]
  0x0000018f99756700 JavaThread "LibraryFolderWatcher(C:\Users\herztard\AppData\Roaming\Scene Builder/Library)" daemon [_thread_blocked, id=8500, stack(0x0000004e65700000,0x0000004e65800000)]
  0x0000018f997551c0 JavaThread "FileSystemWatchService" daemon [_thread_in_native, id=1216, stack(0x0000004e65800000,0x0000004e65900000)]
  0x0000018f99757c40 JavaThread "FileWatcher[EditorController]" daemon [_thread_blocked, id=7788, stack(0x0000004e64d00000,0x0000004e64e00000)]
  0x0000018f997571a0 JavaThread "Prism Font Disposer" daemon [_thread_blocked, id=12012, stack(0x0000004e65b00000,0x0000004e65c00000)]
  0x0000018f99755c60 JavaThread "Cleaner-0" daemon [_thread_blocked, id=8056, stack(0x0000004e65c00000,0x0000004e65d00000)]
  0x0000018fa065b760 JavaThread "FileWatcher[DocumentWindowController]" daemon [_thread_blocked, id=2024, stack(0x0000004e62a00000,0x0000004e62b00000)]

Other Threads:
  0x0000018fff09d230 VMThread "VM Thread" [stack: 0x0000004e63100000,0x0000004e63200000] [id=3396]
  0x0000018f991d8680 WatcherThread "VM Periodic Task Thread" [stack: 0x0000004e63d00000,0x0000004e63e00000] [id=2232]
  0x0000018ff6889670 WorkerThread "GC Thread#0" [stack: 0x0000004e62c00000,0x0000004e62d00000] [id=1424]
  0x0000018f99866f10 WorkerThread "GC Thread#1" [stack: 0x0000004e64e00000,0x0000004e64f00000] [id=5492]
  0x0000018f998ba050 WorkerThread "GC Thread#2" [stack: 0x0000004e64f00000,0x0000004e65000000] [id=9336]
  0x0000018f9991a620 WorkerThread "GC Thread#3" [stack: 0x0000004e65000000,0x0000004e65100000] [id=11768]
  0x0000018f9991b700 WorkerThread "GC Thread#4" [stack: 0x0000004e65100000,0x0000004e65200000] [id=8032]
  0x0000018f9991a080 WorkerThread "GC Thread#5" [stack: 0x0000004e65200000,0x0000004e65300000] [id=10660]
  0x0000018f9991b160 WorkerThread "GC Thread#6" [stack: 0x0000004e65300000,0x0000004e65400000] [id=8796]
  0x0000018f9991b430 WorkerThread "GC Thread#7" [stack: 0x0000004e65400000,0x0000004e65500000] [id=6232]
  0x0000018ff689aa20 ConcurrentGCThread "G1 Main Marker" [stack: 0x0000004e62d00000,0x0000004e62e00000] [id=9696]
  0x0000018ff689b450 WorkerThread "G1 Conc#0" [stack: 0x0000004e62e00000,0x0000004e62f00000] [id=8900]
  0x0000018f9991abc0 WorkerThread "G1 Conc#1" [stack: 0x0000004e64c00000,0x0000004e64d00000] [id=6668]
  0x0000018ffef3efa0 ConcurrentGCThread "G1 Refine#0" [stack: 0x0000004e62f00000,0x0000004e63000000] [id=11420]
  0x0000018ffef3f8f0 ConcurrentGCThread "G1 Service" [stack: 0x0000004e63000000,0x0000004e63100000] [id=4360]

Threads with active compile tasks:
C2 CompilerThread0  5449506 16317       4       com.oracle.javafx.scenebuilder.kit.editor.panel.inspector.InspectorPanelController::makeOrResetPropertyEditor (1710 bytes)

VM state: not at safepoint (normal execution)

VM Mutex/Monitor currently owned by a thread: None

Heap address: 0x0000000704e00000, size: 4018 MB, Compressed Oops mode: Zero based, Oop shift amount: 3

CDS archive(s) not mapped
Compressed class space mapped at: 0x0000000800000000-0x0000000840000000, reserved size: 1073741824
Narrow klass base: 0x0000000800000000, Narrow klass shift: 0, Narrow klass range: 0x40000000

GC Precious Log:
 CardTable entry size: 512
 Card Set container configuration: InlinePtr #cards 4 size 8 Array Of Cards #cards 8 size 32 Howl #buckets 8 coarsen threshold 3686 Howl Bitmap #cards 512 size 80 coarsen threshold 460 Card regions per heap region 1 cards per card region 4096
 CPUs: 8 total, 8 available
 Memory: 16066M
 Large Page Support: Disabled
 NUMA Support: Disabled
 Compressed Oops: Enabled (Zero based)
 Heap Region Size: 2M
 Heap Min Capacity: 8M
 Heap Initial Capacity: 252M
 Heap Max Capacity: 4018M
 Pre-touch: Disabled
 Parallel Workers: 8
 Concurrent Workers: 2
 Concurrent Refinement Workers: 8
 Periodic GC: Disabled

Heap:
 garbage-first heap   total 573440K, used 301074K [0x0000000704e00000, 0x0000000800000000)
  region size 2048K, 61 young (124928K), 2 survivors (4096K)
 Metaspace       used 43433K, committed 44096K, reserved 1114112K
  class space    used 5321K, committed 5632K, reserved 1048576K

Heap Regions: E=young(eden), S=young(survivor), O=old, HS=humongous(starts), HC=humongous(continues), CS=collection set, F=free, OA=open archive, CA=closed archive, TAMS=top-at-mark-start (previous, next)
|   0|0x0000000704e00000, 0x0000000705000000, 0x0000000705000000|100%| O|  |TAMS 0x0000000705000000, 0x0000000704e00000| Untracked 
|   1|0x0000000705000000, 0x0000000705200000, 0x0000000705200000|100%| O|  |TAMS 0x0000000705200000, 0x0000000705000000| Untracked 
|   2|0x0000000705200000, 0x0000000705400000, 0x0000000705400000|100%| O|  |TAMS 0x0000000705400000, 0x0000000705200000| Untracked 
|   3|0x0000000705400000, 0x0000000705600000, 0x0000000705600000|100%| O|  |TAMS 0x0000000705600000, 0x0000000705400000| Untracked 
|   4|0x0000000705600000, 0x0000000705800000, 0x0000000705800000|100%| O|  |TAMS 0x0000000705800000, 0x0000000705600000| Untracked 
|   5|0x0000000705800000, 0x0000000705a00000, 0x0000000705a00000|100%|HS|  |TAMS 0x0000000705a00000, 0x0000000705800000| Complete 
|   6|0x0000000705a00000, 0x0000000705c00000, 0x0000000705c00000|100%|HC|  |TAMS 0x0000000705c00000, 0x0000000705a00000| Complete 
|   7|0x0000000705c00000, 0x0000000705e00000, 0x0000000705e00000|100%| O|  |TAMS 0x0000000705e00000, 0x0000000705c00000| Untracked 
|   8|0x0000000705e00000, 0x0000000706000000, 0x0000000706000000|100%| O|  |TAMS 0x0000000706000000, 0x0000000705e00000| Untracked 
|   9|0x0000000706000000, 0x0000000706200000, 0x0000000706200000|100%| O|  |TAMS 0x0000000706200000, 0x0000000706000000| Untracked 
|  10|0x0000000706200000, 0x0000000706400000, 0x0000000706400000|100%| O|  |TAMS 0x0000000706400000, 0x0000000706200000| Untracked 
|  11|0x0000000706400000, 0x0000000706600000, 0x0000000706600000|100%| O|  |TAMS 0x0000000706400000, 0x0000000706400000| Untracked 
|  12|0x0000000706600000, 0x0000000706800000, 0x0000000706800000|100%| O|  |TAMS 0x0000000706800000, 0x0000000706600000| Untracked 
|  13|0x0000000706800000, 0x0000000706a00000, 0x0000000706a00000|100%| O|  |TAMS 0x0000000706a00000, 0x0000000706800000| Untracked 
|  14|0x0000000706a00000, 0x0000000706c00000, 0x0000000706c00000|100%| O|  |TAMS 0x0000000706c00000, 0x0000000706a00000| Untracked 
|  15|0x0000000706c00000, 0x0000000706e00000, 0x0000000706e00000|100%| O|  |TAMS 0x0000000706e00000, 0x0000000706c00000| Untracked 
|  16|0x0000000706e00000, 0x0000000707000000, 0x0000000707000000|100%| O|  |TAMS 0x0000000707000000, 0x0000000706e00000| Untracked 
|  17|0x0000000707000000, 0x0000000707200000, 0x0000000707200000|100%| O|  |TAMS 0x0000000707200000, 0x0000000707000000| Untracked 
|  18|0x0000000707200000, 0x0000000707400000, 0x0000000707400000|100%| O|  |TAMS 0x0000000707400000, 0x0000000707200000| Untracked 
|  19|0x0000000707400000, 0x0000000707600000, 0x0000000707600000|100%| O|  |TAMS 0x0000000707600000, 0x0000000707400000| Untracked 
|  20|0x0000000707600000, 0x0000000707600000, 0x0000000707800000|  0%| F|  |TAMS 0x0000000707600000, 0x0000000707600000| Untracked 
|  21|0x0000000707800000, 0x0000000707a00000, 0x0000000707a00000|100%| O|  |TAMS 0x0000000707a00000, 0x0000000707800000| Untracked 
|  22|0x0000000707a00000, 0x0000000707c00000, 0x0000000707c00000|100%| O|  |TAMS 0x0000000707c00000, 0x0000000707a00000| Untracked 
|  23|0x0000000707c00000, 0x0000000707e00000, 0x0000000707e00000|100%| O|  |TAMS 0x0000000707e00000, 0x0000000707c00000| Untracked 
|  24|0x0000000707e00000, 0x0000000708000000, 0x0000000708000000|100%| O|  |TAMS 0x0000000708000000, 0x0000000707e00000| Untracked 
|  25|0x0000000708000000, 0x0000000708200000, 0x0000000708200000|100%| O|  |TAMS 0x0000000708200000, 0x0000000708000000| Untracked 
|  26|0x0000000708200000, 0x0000000708400000, 0x0000000708400000|100%| O|  |TAMS 0x0000000708400000, 0x0000000708200000| Untracked 
|  27|0x0000000708400000, 0x0000000708600000, 0x0000000708600000|100%| O|  |TAMS 0x0000000708600000, 0x0000000708400000| Untracked 
|  28|0x0000000708600000, 0x0000000708800000, 0x0000000708800000|100%| O|  |TAMS 0x0000000708800000, 0x0000000708600000| Untracked 
|  29|0x0000000708800000, 0x0000000708a00000, 0x0000000708a00000|100%| O|  |TAMS 0x0000000708a00000, 0x0000000708800000| Untracked 
|  30|0x0000000708a00000, 0x0000000708c00000, 0x0000000708c00000|100%| O|  |TAMS 0x0000000708c00000, 0x0000000708a00000| Untracked 
|  31|0x0000000708c00000, 0x0000000708e00000, 0x0000000708e00000|100%|HS|  |TAMS 0x0000000708e00000, 0x0000000708c00000| Complete 
|  32|0x0000000708e00000, 0x0000000709000000, 0x0000000709000000|100%| O|  |TAMS 0x0000000709000000, 0x0000000708e00000| Untracked 
|  33|0x0000000709000000, 0x0000000709000000, 0x0000000709200000|  0%| F|  |TAMS 0x0000000709000000, 0x0000000709000000| Untracked 
|  34|0x0000000709200000, 0x0000000709200000, 0x0000000709400000|  0%| F|  |TAMS 0x0000000709200000, 0x0000000709200000| Untracked 
|  35|0x0000000709400000, 0x0000000709600000, 0x0000000709600000|100%| O|  |TAMS 0x0000000709600000, 0x0000000709400000| Untracked 
|  36|0x0000000709600000, 0x0000000709800000, 0x0000000709800000|100%| O|  |TAMS 0x0000000709800000, 0x0000000709600000| Untracked 
|  37|0x0000000709800000, 0x0000000709a00000, 0x0000000709a00000|100%| O|  |TAMS 0x0000000709a00000, 0x0000000709800000| Untracked 
|  38|0x0000000709a00000, 0x0000000709c00000, 0x0000000709c00000|100%|HS|  |TAMS 0x0000000709c00000, 0x0000000709a00000| Complete 
|  39|0x0000000709c00000, 0x0000000709e00000, 0x0000000709e00000|100%|HC|  |TAMS 0x0000000709e00000, 0x0000000709c00000| Complete 
|  40|0x0000000709e00000, 0x000000070a000000, 0x000000070a000000|100%|HC|  |TAMS 0x000000070a000000, 0x0000000709e00000| Complete 
|  41|0x000000070a000000, 0x000000070a200000, 0x000000070a200000|100%|HS|  |TAMS 0x000000070a200000, 0x000000070a000000| Complete 
|  42|0x000000070a200000, 0x000000070a400000, 0x000000070a400000|100%|HC|  |TAMS 0x000000070a400000, 0x000000070a200000| Complete 
|  43|0x000000070a400000, 0x000000070a600000, 0x000000070a600000|100%|HC|  |TAMS 0x000000070a600000, 0x000000070a400000| Complete 
|  44|0x000000070a600000, 0x000000070a800000, 0x000000070a800000|100%| O|  |TAMS 0x000000070a800000, 0x000000070a600000| Untracked 
|  45|0x000000070a800000, 0x000000070a800000, 0x000000070aa00000|  0%| F|  |TAMS 0x000000070a800000, 0x000000070a800000| Untracked 
|  46|0x000000070aa00000, 0x000000070ac00000, 0x000000070ac00000|100%| O|  |TAMS 0x000000070ac00000, 0x000000070aa00000| Untracked 
|  47|0x000000070ac00000, 0x000000070ac00000, 0x000000070ae00000|  0%| F|  |TAMS 0x000000070ac00000, 0x000000070ac00000| Untracked 
|  48|0x000000070ae00000, 0x000000070b000000, 0x000000070b000000|100%|HS|  |TAMS 0x000000070b000000, 0x000000070ae00000| Complete 
|  49|0x000000070b000000, 0x000000070b200000, 0x000000070b200000|100%|HC|  |TAMS 0x000000070b200000, 0x000000070b000000| Complete 
|  50|0x000000070b200000, 0x000000070b400000, 0x000000070b400000|100%|HC|  |TAMS 0x000000070b400000, 0x000000070b200000| Complete 
|  51|0x000000070b400000, 0x000000070b600000, 0x000000070b600000|100%|HS|  |TAMS 0x000000070b600000, 0x000000070b400000| Complete 
|  52|0x000000070b600000, 0x000000070b800000, 0x000000070b800000|100%|HC|  |TAMS 0x000000070b800000, 0x000000070b600000| Complete 
|  53|0x000000070b800000, 0x000000070ba00000, 0x000000070ba00000|100%|HC|  |TAMS 0x000000070ba00000, 0x000000070b800000| Complete 
|  54|0x000000070ba00000, 0x000000070bc00000, 0x000000070bc00000|100%|HS|  |TAMS 0x000000070bc00000, 0x000000070ba00000| Complete 
|  55|0x000000070bc00000, 0x000000070be00000, 0x000000070be00000|100%|HC|  |TAMS 0x000000070be00000, 0x000000070bc00000| Complete 
|  56|0x000000070be00000, 0x000000070c000000, 0x000000070c000000|100%|HC|  |TAMS 0x000000070c000000, 0x000000070be00000| Complete 
|  57|0x000000070c000000, 0x000000070c200000, 0x000000070c200000|100%|HS|  |TAMS 0x000000070c200000, 0x000000070c000000| Complete 
|  58|0x000000070c200000, 0x000000070c400000, 0x000000070c400000|100%|HC|  |TAMS 0x000000070c400000, 0x000000070c200000| Complete 
|  59|0x000000070c400000, 0x000000070c600000, 0x000000070c600000|100%|HC|  |TAMS 0x000000070c600000, 0x000000070c400000| Complete 
|  60|0x000000070c600000, 0x000000070c800000, 0x000000070c800000|100%| O|  |TAMS 0x000000070c600000, 0x000000070c600000| Untracked 
|  61|0x000000070c800000, 0x000000070ca00000, 0x000000070ca00000|100%| O|  |TAMS 0x000000070c800000, 0x000000070c800000| Untracked 
|  62|0x000000070ca00000, 0x000000070cc00000, 0x000000070cc00000|100%| O|  |TAMS 0x000000070ca00000, 0x000000070ca00000| Untracked 
|  63|0x000000070cc00000, 0x000000070cc00000, 0x000000070ce00000|  0%| F|  |TAMS 0x000000070cc00000, 0x000000070cc00000| Untracked 
|  64|0x000000070ce00000, 0x000000070d000000, 0x000000070d000000|100%| O|  |TAMS 0x000000070d000000, 0x000000070ce00000| Untracked 
|  65|0x000000070d000000, 0x000000070d078400, 0x000000070d200000| 23%| O|  |TAMS 0x000000070d000000, 0x000000070d000000| Untracked 
|  66|0x000000070d200000, 0x000000070d400000, 0x000000070d400000|100%|HS|  |TAMS 0x000000070d200000, 0x000000070d200000| Complete 
|  67|0x000000070d400000, 0x000000070d600000, 0x000000070d600000|100%|HC|  |TAMS 0x000000070d400000, 0x000000070d400000| Complete 
|  68|0x000000070d600000, 0x000000070d800000, 0x000000070d800000|100%|HC|  |TAMS 0x000000070d600000, 0x000000070d600000| Complete 
|  69|0x000000070d800000, 0x000000070d800000, 0x000000070da00000|  0%| F|  |TAMS 0x000000070d800000, 0x000000070d800000| Untracked 
|  70|0x000000070da00000, 0x000000070da00000, 0x000000070dc00000|  0%| F|  |TAMS 0x000000070da00000, 0x000000070da00000| Untracked 
|  71|0x000000070dc00000, 0x000000070de00000, 0x000000070de00000|100%|HS|  |TAMS 0x000000070de00000, 0x000000070dc00000| Complete 
|  72|0x000000070de00000, 0x000000070e000000, 0x000000070e000000|100%|HS|  |TAMS 0x000000070de00000, 0x000000070de00000| Complete 
|  73|0x000000070e000000, 0x000000070e200000, 0x000000070e200000|100%|HC|  |TAMS 0x000000070e000000, 0x000000070e000000| Complete 
|  74|0x000000070e200000, 0x000000070e400000, 0x000000070e400000|100%|HC|  |TAMS 0x000000070e200000, 0x000000070e200000| Complete 
|  75|0x000000070e400000, 0x000000070e600000, 0x000000070e600000|100%|HS|  |TAMS 0x000000070e400000, 0x000000070e400000| Complete 
|  76|0x000000070e600000, 0x000000070e800000, 0x000000070e800000|100%|HC|  |TAMS 0x000000070e600000, 0x000000070e600000| Complete 
|  77|0x000000070e800000, 0x000000070ea00000, 0x000000070ea00000|100%|HC|  |TAMS 0x000000070e800000, 0x000000070e800000| Complete 
|  78|0x000000070ea00000, 0x000000070ec00000, 0x000000070ec00000|100%|HS|  |TAMS 0x000000070ec00000, 0x000000070ea00000| Complete 
|  79|0x000000070ec00000, 0x000000070ee00000, 0x000000070ee00000|100%|HC|  |TAMS 0x000000070ee00000, 0x000000070ec00000| Complete 
|  80|0x000000070ee00000, 0x000000070f000000, 0x000000070f000000|100%|HC|  |TAMS 0x000000070f000000, 0x000000070ee00000| Complete 
|  81|0x000000070f000000, 0x000000070f200000, 0x000000070f200000|100%| O|  |TAMS 0x000000070f200000, 0x000000070f000000| Untracked 
|  82|0x000000070f200000, 0x000000070f400000, 0x000000070f400000|100%|HS|  |TAMS 0x000000070f200000, 0x000000070f200000| Complete 
|  83|0x000000070f400000, 0x000000070f600000, 0x000000070f600000|100%|HC|  |TAMS 0x000000070f400000, 0x000000070f400000| Complete 
|  84|0x000000070f600000, 0x000000070f800000, 0x000000070f800000|100%|HC|  |TAMS 0x000000070f600000, 0x000000070f600000| Complete 
|  85|0x000000070f800000, 0x000000070f800000, 0x000000070fa00000|  0%| F|  |TAMS 0x000000070f800000, 0x000000070f800000| Untracked 
|  86|0x000000070fa00000, 0x000000070fc00000, 0x000000070fc00000|100%|HS|  |TAMS 0x000000070fc00000, 0x000000070fa00000| Complete 
|  87|0x000000070fc00000, 0x000000070fe00000, 0x000000070fe00000|100%|HC|  |TAMS 0x000000070fe00000, 0x000000070fc00000| Complete 
|  88|0x000000070fe00000, 0x0000000710000000, 0x0000000710000000|100%|HC|  |TAMS 0x0000000710000000, 0x000000070fe00000| Complete 
|  89|0x0000000710000000, 0x0000000710200000, 0x0000000710200000|100%|HS|  |TAMS 0x0000000710000000, 0x0000000710000000| Complete 
|  90|0x0000000710200000, 0x0000000710400000, 0x0000000710400000|100%|HC|  |TAMS 0x0000000710200000, 0x0000000710200000| Complete 
|  91|0x0000000710400000, 0x0000000710600000, 0x0000000710600000|100%|HC|  |TAMS 0x0000000710400000, 0x0000000710400000| Complete 
|  92|0x0000000710600000, 0x0000000710600000, 0x0000000710800000|  0%| F|  |TAMS 0x0000000710600000, 0x0000000710600000| Untracked 
|  93|0x0000000710800000, 0x0000000710a00000, 0x0000000710a00000|100%| O|  |TAMS 0x0000000710a00000, 0x0000000710800000| Untracked 
|  94|0x0000000710a00000, 0x0000000710c00000, 0x0000000710c00000|100%|HS|  |TAMS 0x0000000710c00000, 0x0000000710a00000| Complete 
|  95|0x0000000710c00000, 0x0000000710e00000, 0x0000000710e00000|100%|HC|  |TAMS 0x0000000710e00000, 0x0000000710c00000| Complete 
|  96|0x0000000710e00000, 0x0000000711000000, 0x0000000711000000|100%|HC|  |TAMS 0x0000000711000000, 0x0000000710e00000| Complete 
|  97|0x0000000711000000, 0x0000000711200000, 0x0000000711200000|100%| O|  |TAMS 0x0000000711087000, 0x0000000711000000| Untracked 
|  98|0x0000000711200000, 0x0000000711200000, 0x0000000711400000|  0%| F|  |TAMS 0x0000000711200000, 0x0000000711200000| Untracked 
|  99|0x0000000711400000, 0x0000000711400000, 0x0000000711600000|  0%| F|  |TAMS 0x0000000711400000, 0x0000000711400000| Untracked 
| 100|0x0000000711600000, 0x0000000711600000, 0x0000000711800000|  0%| F|  |TAMS 0x0000000711600000, 0x0000000711600000| Untracked 
| 101|0x0000000711800000, 0x0000000711800000, 0x0000000711a00000|  0%| F|  |TAMS 0x0000000711800000, 0x0000000711800000| Untracked 
| 102|0x0000000711a00000, 0x0000000711a00000, 0x0000000711c00000|  0%| F|  |TAMS 0x0000000711a00000, 0x0000000711a00000| Untracked 
| 103|0x0000000711c00000, 0x0000000711c00000, 0x0000000711e00000|  0%| F|  |TAMS 0x0000000711c00000, 0x0000000711c00000| Untracked 
| 104|0x0000000711e00000, 0x0000000711e00000, 0x0000000712000000|  0%| F|  |TAMS 0x0000000711e00000, 0x0000000711e00000| Untracked 
| 105|0x0000000712000000, 0x0000000712000000, 0x0000000712200000|  0%| F|  |TAMS 0x0000000712000000, 0x0000000712000000| Untracked 
| 106|0x0000000712200000, 0x0000000712200000, 0x0000000712400000|  0%| F|  |TAMS 0x0000000712200000, 0x0000000712200000| Untracked 
| 107|0x0000000712400000, 0x0000000712400000, 0x0000000712600000|  0%| F|  |TAMS 0x0000000712400000, 0x0000000712400000| Untracked 
| 108|0x0000000712600000, 0x0000000712600000, 0x0000000712800000|  0%| F|  |TAMS 0x0000000712600000, 0x0000000712600000| Untracked 
| 109|0x0000000712800000, 0x0000000712800000, 0x0000000712a00000|  0%| F|  |TAMS 0x0000000712800000, 0x0000000712800000| Untracked 
| 110|0x0000000712a00000, 0x0000000712a00000, 0x0000000712c00000|  0%| F|  |TAMS 0x0000000712a00000, 0x0000000712a00000| Untracked 
| 111|0x0000000712c00000, 0x0000000712c00000, 0x0000000712e00000|  0%| F|  |TAMS 0x0000000712c00000, 0x0000000712c00000| Untracked 
| 112|0x0000000712e00000, 0x0000000712e00000, 0x0000000713000000|  0%| F|  |TAMS 0x0000000712e00000, 0x0000000712e00000| Untracked 
| 113|0x0000000713000000, 0x0000000713000000, 0x0000000713200000|  0%| F|  |TAMS 0x0000000713000000, 0x0000000713000000| Untracked 
| 114|0x0000000713200000, 0x0000000713200000, 0x0000000713400000|  0%| F|  |TAMS 0x0000000713200000, 0x0000000713200000| Untracked 
| 115|0x0000000713400000, 0x0000000713400000, 0x0000000713600000|  0%| F|  |TAMS 0x0000000713400000, 0x0000000713400000| Untracked 
| 116|0x0000000713600000, 0x0000000713600000, 0x0000000713800000|  0%| F|  |TAMS 0x0000000713600000, 0x0000000713600000| Untracked 
| 117|0x0000000713800000, 0x0000000713800000, 0x0000000713a00000|  0%| F|  |TAMS 0x0000000713800000, 0x0000000713800000| Untracked 
| 118|0x0000000713a00000, 0x0000000713a00000, 0x0000000713c00000|  0%| F|  |TAMS 0x0000000713a00000, 0x0000000713a00000| Untracked 
| 119|0x0000000713c00000, 0x0000000713c00000, 0x0000000713e00000|  0%| F|  |TAMS 0x0000000713c00000, 0x0000000713c00000| Untracked 
| 120|0x0000000713e00000, 0x0000000713e00000, 0x0000000714000000|  0%| F|  |TAMS 0x0000000713e00000, 0x0000000713e00000| Untracked 
| 121|0x0000000714000000, 0x0000000714000000, 0x0000000714200000|  0%| F|  |TAMS 0x0000000714000000, 0x0000000714000000| Untracked 
| 122|0x0000000714200000, 0x0000000714200000, 0x0000000714400000|  0%| F|  |TAMS 0x0000000714200000, 0x0000000714200000| Untracked 
| 123|0x0000000714400000, 0x0000000714400000, 0x0000000714600000|  0%| F|  |TAMS 0x0000000714400000, 0x0000000714400000| Untracked 
| 124|0x0000000714600000, 0x0000000714600000, 0x0000000714800000|  0%| F|  |TAMS 0x0000000714600000, 0x0000000714600000| Untracked 
| 125|0x0000000714800000, 0x0000000714800000, 0x0000000714a00000|  0%| F|  |TAMS 0x0000000714800000, 0x0000000714800000| Untracked 
| 126|0x0000000714a00000, 0x0000000714a00000, 0x0000000714c00000|  0%| F|  |TAMS 0x0000000714a00000, 0x0000000714a00000| Untracked 
| 127|0x0000000714c00000, 0x0000000714c00000, 0x0000000714e00000|  0%| F|  |TAMS 0x0000000714c00000, 0x0000000714c00000| Untracked 
| 128|0x0000000714e00000, 0x0000000714e00000, 0x0000000715000000|  0%| F|  |TAMS 0x0000000714e00000, 0x0000000714e00000| Untracked 
| 129|0x0000000715000000, 0x0000000715000000, 0x0000000715200000|  0%| F|  |TAMS 0x0000000715000000, 0x0000000715000000| Untracked 
| 130|0x0000000715200000, 0x0000000715200000, 0x0000000715400000|  0%| F|  |TAMS 0x0000000715200000, 0x0000000715200000| Untracked 
| 131|0x0000000715400000, 0x000000071558c778, 0x0000000715600000| 77%| S|CS|TAMS 0x0000000715400000, 0x0000000715400000| Complete 
| 132|0x0000000715600000, 0x0000000715800000, 0x0000000715800000|100%| S|CS|TAMS 0x0000000715600000, 0x0000000715600000| Complete 
| 133|0x0000000715800000, 0x0000000715800000, 0x0000000715a00000|  0%| F|  |TAMS 0x0000000715800000, 0x0000000715800000| Untracked 
| 134|0x0000000715a00000, 0x0000000715a00000, 0x0000000715c00000|  0%| F|  |TAMS 0x0000000715a00000, 0x0000000715a00000| Untracked 
| 135|0x0000000715c00000, 0x0000000715c00000, 0x0000000715e00000|  0%| F|  |TAMS 0x0000000715c00000, 0x0000000715c00000| Untracked 
| 136|0x0000000715e00000, 0x0000000715e00000, 0x0000000716000000|  0%| F|  |TAMS 0x0000000715e00000, 0x0000000715e00000| Untracked 
| 137|0x0000000716000000, 0x0000000716000000, 0x0000000716200000|  0%| F|  |TAMS 0x0000000716000000, 0x0000000716000000| Untracked 
| 138|0x0000000716200000, 0x0000000716200000, 0x0000000716400000|  0%| F|  |TAMS 0x0000000716200000, 0x0000000716200000| Untracked 
| 139|0x0000000716400000, 0x0000000716400000, 0x0000000716600000|  0%| F|  |TAMS 0x0000000716400000, 0x0000000716400000| Untracked 
| 140|0x0000000716600000, 0x0000000716600000, 0x0000000716800000|  0%| F|  |TAMS 0x0000000716600000, 0x0000000716600000| Untracked 
| 141|0x0000000716800000, 0x0000000716800000, 0x0000000716a00000|  0%| F|  |TAMS 0x0000000716800000, 0x0000000716800000| Untracked 
| 142|0x0000000716a00000, 0x0000000716a00000, 0x0000000716c00000|  0%| F|  |TAMS 0x0000000716a00000, 0x0000000716a00000| Untracked 
| 143|0x0000000716c00000, 0x0000000716c00000, 0x0000000716e00000|  0%| F|  |TAMS 0x0000000716c00000, 0x0000000716c00000| Untracked 
| 144|0x0000000716e00000, 0x0000000716e00000, 0x0000000717000000|  0%| F|  |TAMS 0x0000000716e00000, 0x0000000716e00000| Untracked 
| 145|0x0000000717000000, 0x0000000717000000, 0x0000000717200000|  0%| F|  |TAMS 0x0000000717000000, 0x0000000717000000| Untracked 
| 146|0x0000000717200000, 0x0000000717200000, 0x0000000717400000|  0%| F|  |TAMS 0x0000000717200000, 0x0000000717200000| Untracked 
| 147|0x0000000717400000, 0x0000000717400000, 0x0000000717600000|  0%| F|  |TAMS 0x0000000717400000, 0x0000000717400000| Untracked 
| 148|0x0000000717600000, 0x0000000717600000, 0x0000000717800000|  0%| F|  |TAMS 0x0000000717600000, 0x0000000717600000| Untracked 
| 149|0x0000000717800000, 0x0000000717800000, 0x0000000717a00000|  0%| F|  |TAMS 0x0000000717800000, 0x0000000717800000| Untracked 
| 150|0x0000000717a00000, 0x0000000717a00000, 0x0000000717c00000|  0%| F|  |TAMS 0x0000000717a00000, 0x0000000717a00000| Untracked 
| 151|0x0000000717c00000, 0x0000000717c00000, 0x0000000717e00000|  0%| F|  |TAMS 0x0000000717c00000, 0x0000000717c00000| Untracked 
| 152|0x0000000717e00000, 0x0000000717e00000, 0x0000000718000000|  0%| F|  |TAMS 0x0000000717e00000, 0x0000000717e00000| Untracked 
| 153|0x0000000718000000, 0x0000000718000000, 0x0000000718200000|  0%| F|  |TAMS 0x0000000718000000, 0x0000000718000000| Untracked 
| 154|0x0000000718200000, 0x0000000718200000, 0x0000000718400000|  0%| F|  |TAMS 0x0000000718200000, 0x0000000718200000| Untracked 
| 155|0x0000000718400000, 0x0000000718400000, 0x0000000718600000|  0%| F|  |TAMS 0x0000000718400000, 0x0000000718400000| Untracked 
| 156|0x0000000718600000, 0x0000000718600000, 0x0000000718800000|  0%| F|  |TAMS 0x0000000718600000, 0x0000000718600000| Untracked 
| 157|0x0000000718800000, 0x0000000718800000, 0x0000000718a00000|  0%| F|  |TAMS 0x0000000718800000, 0x0000000718800000| Untracked 
| 158|0x0000000718a00000, 0x0000000718a00000, 0x0000000718c00000|  0%| F|  |TAMS 0x0000000718a00000, 0x0000000718a00000| Untracked 
| 159|0x0000000718c00000, 0x0000000718c00000, 0x0000000718e00000|  0%| F|  |TAMS 0x0000000718c00000, 0x0000000718c00000| Untracked 
| 160|0x0000000718e00000, 0x0000000718e00000, 0x0000000719000000|  0%| F|  |TAMS 0x0000000718e00000, 0x0000000718e00000| Untracked 
| 161|0x0000000719000000, 0x0000000719000000, 0x0000000719200000|  0%| F|  |TAMS 0x0000000719000000, 0x0000000719000000| Untracked 
| 162|0x0000000719200000, 0x0000000719200000, 0x0000000719400000|  0%| F|  |TAMS 0x0000000719200000, 0x0000000719200000| Untracked 
| 163|0x0000000719400000, 0x0000000719400000, 0x0000000719600000|  0%| F|  |TAMS 0x0000000719400000, 0x0000000719400000| Untracked 
| 164|0x0000000719600000, 0x0000000719600000, 0x0000000719800000|  0%| F|  |TAMS 0x0000000719600000, 0x0000000719600000| Untracked 
| 165|0x0000000719800000, 0x0000000719800000, 0x0000000719a00000|  0%| F|  |TAMS 0x0000000719800000, 0x0000000719800000| Untracked 
| 166|0x0000000719a00000, 0x0000000719a00000, 0x0000000719c00000|  0%| F|  |TAMS 0x0000000719a00000, 0x0000000719a00000| Untracked 
| 167|0x0000000719c00000, 0x0000000719c00000, 0x0000000719e00000|  0%| F|  |TAMS 0x0000000719c00000, 0x0000000719c00000| Untracked 
| 168|0x0000000719e00000, 0x0000000719e00000, 0x000000071a000000|  0%| F|  |TAMS 0x0000000719e00000, 0x0000000719e00000| Untracked 
| 169|0x000000071a000000, 0x000000071a000000, 0x000000071a200000|  0%| F|  |TAMS 0x000000071a000000, 0x000000071a000000| Untracked 
| 170|0x000000071a200000, 0x000000071a200000, 0x000000071a400000|  0%| F|  |TAMS 0x000000071a200000, 0x000000071a200000| Untracked 
| 171|0x000000071a400000, 0x000000071a400000, 0x000000071a600000|  0%| F|  |TAMS 0x000000071a400000, 0x000000071a400000| Untracked 
| 172|0x000000071a600000, 0x000000071a600000, 0x000000071a800000|  0%| F|  |TAMS 0x000000071a600000, 0x000000071a600000| Untracked 
| 173|0x000000071a800000, 0x000000071a800000, 0x000000071aa00000|  0%| F|  |TAMS 0x000000071a800000, 0x000000071a800000| Untracked 
| 174|0x000000071aa00000, 0x000000071aa00000, 0x000000071ac00000|  0%| F|  |TAMS 0x000000071aa00000, 0x000000071aa00000| Untracked 
| 175|0x000000071ac00000, 0x000000071ac00000, 0x000000071ae00000|  0%| F|  |TAMS 0x000000071ac00000, 0x000000071ac00000| Untracked 
| 176|0x000000071ae00000, 0x000000071ae00000, 0x000000071b000000|  0%| F|  |TAMS 0x000000071ae00000, 0x000000071ae00000| Untracked 
| 177|0x000000071b000000, 0x000000071b000000, 0x000000071b200000|  0%| F|  |TAMS 0x000000071b000000, 0x000000071b000000| Untracked 
| 178|0x000000071b200000, 0x000000071b200000, 0x000000071b400000|  0%| F|  |TAMS 0x000000071b200000, 0x000000071b200000| Untracked 
| 179|0x000000071b400000, 0x000000071b400000, 0x000000071b600000|  0%| F|  |TAMS 0x000000071b400000, 0x000000071b400000| Untracked 
| 180|0x000000071b600000, 0x000000071b600000, 0x000000071b800000|  0%| F|  |TAMS 0x000000071b600000, 0x000000071b600000| Untracked 
| 181|0x000000071b800000, 0x000000071b800000, 0x000000071ba00000|  0%| F|  |TAMS 0x000000071b800000, 0x000000071b800000| Untracked 
| 182|0x000000071ba00000, 0x000000071ba00000, 0x000000071bc00000|  0%| F|  |TAMS 0x000000071ba00000, 0x000000071ba00000| Untracked 
| 183|0x000000071bc00000, 0x000000071bc00000, 0x000000071be00000|  0%| F|  |TAMS 0x000000071bc00000, 0x000000071bc00000| Untracked 
| 184|0x000000071be00000, 0x000000071be00000, 0x000000071c000000|  0%| F|  |TAMS 0x000000071be00000, 0x000000071be00000| Untracked 
| 185|0x000000071c000000, 0x000000071c000000, 0x000000071c200000|  0%| F|  |TAMS 0x000000071c000000, 0x000000071c000000| Untracked 
| 186|0x000000071c200000, 0x000000071c200000, 0x000000071c400000|  0%| F|  |TAMS 0x000000071c200000, 0x000000071c200000| Untracked 
| 187|0x000000071c400000, 0x000000071c400000, 0x000000071c600000|  0%| F|  |TAMS 0x000000071c400000, 0x000000071c400000| Untracked 
| 188|0x000000071c600000, 0x000000071c600000, 0x000000071c800000|  0%| F|  |TAMS 0x000000071c600000, 0x000000071c600000| Untracked 
| 189|0x000000071c800000, 0x000000071c800000, 0x000000071ca00000|  0%| F|  |TAMS 0x000000071c800000, 0x000000071c800000| Untracked 
| 190|0x000000071ca00000, 0x000000071ca00000, 0x000000071cc00000|  0%| F|  |TAMS 0x000000071ca00000, 0x000000071ca00000| Untracked 
| 191|0x000000071cc00000, 0x000000071cc00000, 0x000000071ce00000|  0%| F|  |TAMS 0x000000071cc00000, 0x000000071cc00000| Untracked 
| 192|0x000000071ce00000, 0x000000071ce00000, 0x000000071d000000|  0%| F|  |TAMS 0x000000071ce00000, 0x000000071ce00000| Untracked 
| 193|0x000000071d000000, 0x000000071d000000, 0x000000071d200000|  0%| F|  |TAMS 0x000000071d000000, 0x000000071d000000| Untracked 
| 194|0x000000071d200000, 0x000000071d200000, 0x000000071d400000|  0%| F|  |TAMS 0x000000071d200000, 0x000000071d200000| Untracked 
| 195|0x000000071d400000, 0x000000071d400000, 0x000000071d600000|  0%| F|  |TAMS 0x000000071d400000, 0x000000071d400000| Untracked 
| 196|0x000000071d600000, 0x000000071d600000, 0x000000071d800000|  0%| F|  |TAMS 0x000000071d600000, 0x000000071d600000| Untracked 
| 197|0x000000071d800000, 0x000000071d800000, 0x000000071da00000|  0%| F|  |TAMS 0x000000071d800000, 0x000000071d800000| Untracked 
| 198|0x000000071da00000, 0x000000071da00000, 0x000000071dc00000|  0%| F|  |TAMS 0x000000071da00000, 0x000000071da00000| Untracked 
| 199|0x000000071dc00000, 0x000000071dc00000, 0x000000071de00000|  0%| F|  |TAMS 0x000000071dc00000, 0x000000071dc00000| Untracked 
| 200|0x000000071de00000, 0x000000071de00000, 0x000000071e000000|  0%| F|  |TAMS 0x000000071de00000, 0x000000071de00000| Untracked 
| 201|0x000000071e000000, 0x000000071e000000, 0x000000071e200000|  0%| F|  |TAMS 0x000000071e000000, 0x000000071e000000| Untracked 
| 202|0x000000071e200000, 0x000000071e200000, 0x000000071e400000|  0%| F|  |TAMS 0x000000071e200000, 0x000000071e200000| Untracked 
| 203|0x000000071e400000, 0x000000071e400000, 0x000000071e600000|  0%| F|  |TAMS 0x000000071e400000, 0x000000071e400000| Untracked 
| 204|0x000000071e600000, 0x000000071e600000, 0x000000071e800000|  0%| F|  |TAMS 0x000000071e600000, 0x000000071e600000| Untracked 
| 205|0x000000071e800000, 0x000000071e800000, 0x000000071ea00000|  0%| F|  |TAMS 0x000000071e800000, 0x000000071e800000| Untracked 
| 206|0x000000071ea00000, 0x000000071ea00000, 0x000000071ec00000|  0%| F|  |TAMS 0x000000071ea00000, 0x000000071ea00000| Untracked 
| 207|0x000000071ec00000, 0x000000071ec00000, 0x000000071ee00000|  0%| F|  |TAMS 0x000000071ec00000, 0x000000071ec00000| Untracked 
| 208|0x000000071ee00000, 0x000000071ee00000, 0x000000071f000000|  0%| F|  |TAMS 0x000000071ee00000, 0x000000071ee00000| Untracked 
| 209|0x000000071f000000, 0x000000071f000000, 0x000000071f200000|  0%| F|  |TAMS 0x000000071f000000, 0x000000071f000000| Untracked 
| 210|0x000000071f200000, 0x000000071f200000, 0x000000071f400000|  0%| F|  |TAMS 0x000000071f200000, 0x000000071f200000| Untracked 
| 211|0x000000071f400000, 0x000000071f400000, 0x000000071f600000|  0%| F|  |TAMS 0x000000071f400000, 0x000000071f400000| Untracked 
| 212|0x000000071f600000, 0x000000071f600000, 0x000000071f800000|  0%| F|  |TAMS 0x000000071f600000, 0x000000071f600000| Untracked 
| 213|0x000000071f800000, 0x000000071f800000, 0x000000071fa00000|  0%| F|  |TAMS 0x000000071f800000, 0x000000071f800000| Untracked 
| 214|0x000000071fa00000, 0x000000071fa00000, 0x000000071fc00000|  0%| F|  |TAMS 0x000000071fa00000, 0x000000071fa00000| Untracked 
| 215|0x000000071fc00000, 0x000000071fc00000, 0x000000071fe00000|  0%| F|  |TAMS 0x000000071fc00000, 0x000000071fc00000| Untracked 
| 216|0x000000071fe00000, 0x000000071fe00000, 0x0000000720000000|  0%| F|  |TAMS 0x000000071fe00000, 0x000000071fe00000| Untracked 
| 217|0x0000000720000000, 0x0000000720000000, 0x0000000720200000|  0%| F|  |TAMS 0x0000000720000000, 0x0000000720000000| Untracked 
| 218|0x0000000720200000, 0x0000000720200000, 0x0000000720400000|  0%| F|  |TAMS 0x0000000720200000, 0x0000000720200000| Untracked 
| 219|0x0000000720400000, 0x0000000720400000, 0x0000000720600000|  0%| F|  |TAMS 0x0000000720400000, 0x0000000720400000| Untracked 
| 220|0x0000000720600000, 0x0000000720600000, 0x0000000720800000|  0%| F|  |TAMS 0x0000000720600000, 0x0000000720600000| Untracked 
| 221|0x0000000720800000, 0x0000000720939db0, 0x0000000720a00000| 61%| E|  |TAMS 0x0000000720800000, 0x0000000720800000| Complete 
| 222|0x0000000720a00000, 0x0000000720c00000, 0x0000000720c00000|100%| E|CS|TAMS 0x0000000720a00000, 0x0000000720a00000| Complete 
| 223|0x0000000720c00000, 0x0000000720e00000, 0x0000000720e00000|100%| E|CS|TAMS 0x0000000720c00000, 0x0000000720c00000| Complete 
| 224|0x0000000720e00000, 0x0000000721000000, 0x0000000721000000|100%| E|CS|TAMS 0x0000000720e00000, 0x0000000720e00000| Complete 
| 225|0x0000000721000000, 0x0000000721200000, 0x0000000721200000|100%| E|CS|TAMS 0x0000000721000000, 0x0000000721000000| Complete 
| 226|0x0000000721200000, 0x0000000721400000, 0x0000000721400000|100%| E|CS|TAMS 0x0000000721200000, 0x0000000721200000| Complete 
| 227|0x0000000721400000, 0x0000000721600000, 0x0000000721600000|100%| E|CS|TAMS 0x0000000721400000, 0x0000000721400000| Complete 
| 228|0x0000000721600000, 0x0000000721800000, 0x0000000721800000|100%| E|CS|TAMS 0x0000000721600000, 0x0000000721600000| Complete 
| 229|0x0000000721800000, 0x0000000721a00000, 0x0000000721a00000|100%| E|CS|TAMS 0x0000000721800000, 0x0000000721800000| Complete 
| 230|0x0000000721a00000, 0x0000000721c00000, 0x0000000721c00000|100%| E|CS|TAMS 0x0000000721a00000, 0x0000000721a00000| Complete 
| 231|0x0000000721c00000, 0x0000000721e00000, 0x0000000721e00000|100%| E|CS|TAMS 0x0000000721c00000, 0x0000000721c00000| Complete 
| 232|0x0000000721e00000, 0x0000000722000000, 0x0000000722000000|100%| E|CS|TAMS 0x0000000721e00000, 0x0000000721e00000| Complete 
| 233|0x0000000722000000, 0x0000000722200000, 0x0000000722200000|100%| E|CS|TAMS 0x0000000722000000, 0x0000000722000000| Complete 
| 234|0x0000000722200000, 0x0000000722400000, 0x0000000722400000|100%| E|CS|TAMS 0x0000000722200000, 0x0000000722200000| Complete 
| 235|0x0000000722400000, 0x0000000722600000, 0x0000000722600000|100%| E|CS|TAMS 0x0000000722400000, 0x0000000722400000| Complete 
| 236|0x0000000722600000, 0x0000000722800000, 0x0000000722800000|100%| E|CS|TAMS 0x0000000722600000, 0x0000000722600000| Complete 
| 237|0x0000000722800000, 0x0000000722a00000, 0x0000000722a00000|100%| E|CS|TAMS 0x0000000722800000, 0x0000000722800000| Complete 
| 238|0x0000000722a00000, 0x0000000722c00000, 0x0000000722c00000|100%| E|CS|TAMS 0x0000000722a00000, 0x0000000722a00000| Complete 
| 239|0x0000000722c00000, 0x0000000722e00000, 0x0000000722e00000|100%| E|CS|TAMS 0x0000000722c00000, 0x0000000722c00000| Complete 
| 240|0x0000000722e00000, 0x0000000723000000, 0x0000000723000000|100%| E|CS|TAMS 0x0000000722e00000, 0x0000000722e00000| Complete 
| 241|0x0000000723000000, 0x0000000723200000, 0x0000000723200000|100%| E|CS|TAMS 0x0000000723000000, 0x0000000723000000| Complete 
| 242|0x0000000723200000, 0x0000000723400000, 0x0000000723400000|100%| E|CS|TAMS 0x0000000723200000, 0x0000000723200000| Complete 
| 243|0x0000000723400000, 0x0000000723600000, 0x0000000723600000|100%| E|CS|TAMS 0x0000000723400000, 0x0000000723400000| Complete 
| 244|0x0000000723600000, 0x0000000723800000, 0x0000000723800000|100%| E|CS|TAMS 0x0000000723600000, 0x0000000723600000| Complete 
| 245|0x0000000723800000, 0x0000000723a00000, 0x0000000723a00000|100%| E|CS|TAMS 0x0000000723800000, 0x0000000723800000| Complete 
| 246|0x0000000723a00000, 0x0000000723c00000, 0x0000000723c00000|100%| E|CS|TAMS 0x0000000723a00000, 0x0000000723a00000| Complete 
| 247|0x0000000723c00000, 0x0000000723e00000, 0x0000000723e00000|100%| E|CS|TAMS 0x0000000723c00000, 0x0000000723c00000| Complete 
| 248|0x0000000723e00000, 0x0000000724000000, 0x0000000724000000|100%| E|CS|TAMS 0x0000000723e00000, 0x0000000723e00000| Complete 
| 249|0x0000000724000000, 0x0000000724200000, 0x0000000724200000|100%| E|CS|TAMS 0x0000000724000000, 0x0000000724000000| Complete 
| 250|0x0000000724200000, 0x0000000724400000, 0x0000000724400000|100%| E|CS|TAMS 0x0000000724200000, 0x0000000724200000| Complete 
| 251|0x0000000724400000, 0x0000000724600000, 0x0000000724600000|100%| E|CS|TAMS 0x0000000724400000, 0x0000000724400000| Complete 
| 252|0x0000000724600000, 0x0000000724800000, 0x0000000724800000|100%| E|CS|TAMS 0x0000000724600000, 0x0000000724600000| Complete 
| 253|0x0000000724800000, 0x0000000724a00000, 0x0000000724a00000|100%| E|CS|TAMS 0x0000000724800000, 0x0000000724800000| Complete 
| 254|0x0000000724a00000, 0x0000000724c00000, 0x0000000724c00000|100%| E|CS|TAMS 0x0000000724a00000, 0x0000000724a00000| Complete 
| 255|0x0000000724c00000, 0x0000000724e00000, 0x0000000724e00000|100%| E|CS|TAMS 0x0000000724c00000, 0x0000000724c00000| Complete 
| 256|0x0000000724e00000, 0x0000000725000000, 0x0000000725000000|100%| E|CS|TAMS 0x0000000724e00000, 0x0000000724e00000| Complete 
| 257|0x0000000725000000, 0x0000000725200000, 0x0000000725200000|100%| E|CS|TAMS 0x0000000725000000, 0x0000000725000000| Complete 
| 258|0x0000000725200000, 0x0000000725400000, 0x0000000725400000|100%| E|CS|TAMS 0x0000000725200000, 0x0000000725200000| Complete 
| 259|0x0000000725400000, 0x0000000725600000, 0x0000000725600000|100%| E|CS|TAMS 0x0000000725400000, 0x0000000725400000| Complete 
| 260|0x0000000725600000, 0x0000000725800000, 0x0000000725800000|100%| E|CS|TAMS 0x0000000725600000, 0x0000000725600000| Complete 
| 261|0x0000000725800000, 0x0000000725a00000, 0x0000000725a00000|100%| E|CS|TAMS 0x0000000725800000, 0x0000000725800000| Complete 
| 262|0x0000000725a00000, 0x0000000725c00000, 0x0000000725c00000|100%| E|CS|TAMS 0x0000000725a00000, 0x0000000725a00000| Complete 
| 263|0x0000000725c00000, 0x0000000725e00000, 0x0000000725e00000|100%| E|CS|TAMS 0x0000000725c00000, 0x0000000725c00000| Complete 
| 264|0x0000000725e00000, 0x0000000726000000, 0x0000000726000000|100%| E|CS|TAMS 0x0000000725e00000, 0x0000000725e00000| Complete 
| 265|0x0000000726000000, 0x0000000726200000, 0x0000000726200000|100%| E|CS|TAMS 0x0000000726000000, 0x0000000726000000| Complete 
| 266|0x0000000726200000, 0x0000000726400000, 0x0000000726400000|100%| E|CS|TAMS 0x0000000726200000, 0x0000000726200000| Complete 
| 267|0x0000000726400000, 0x0000000726600000, 0x0000000726600000|100%| E|CS|TAMS 0x0000000726400000, 0x0000000726400000| Complete 
| 268|0x0000000726600000, 0x0000000726800000, 0x0000000726800000|100%| E|CS|TAMS 0x0000000726600000, 0x0000000726600000| Complete 
| 269|0x0000000726800000, 0x0000000726a00000, 0x0000000726a00000|100%| E|CS|TAMS 0x0000000726800000, 0x0000000726800000| Complete 
| 270|0x0000000726a00000, 0x0000000726c00000, 0x0000000726c00000|100%| E|CS|TAMS 0x0000000726a00000, 0x0000000726a00000| Complete 
| 271|0x0000000726c00000, 0x0000000726e00000, 0x0000000726e00000|100%| E|CS|TAMS 0x0000000726c00000, 0x0000000726c00000| Complete 
| 272|0x0000000726e00000, 0x0000000727000000, 0x0000000727000000|100%| E|CS|TAMS 0x0000000726e00000, 0x0000000726e00000| Complete 
| 273|0x0000000727000000, 0x0000000727200000, 0x0000000727200000|100%| E|CS|TAMS 0x0000000727000000, 0x0000000727000000| Complete 
| 274|0x0000000727200000, 0x0000000727400000, 0x0000000727400000|100%| E|CS|TAMS 0x0000000727200000, 0x0000000727200000| Complete 
| 275|0x0000000727400000, 0x0000000727600000, 0x0000000727600000|100%| E|CS|TAMS 0x0000000727400000, 0x0000000727400000| Complete 
| 276|0x0000000727600000, 0x0000000727800000, 0x0000000727800000|100%| E|CS|TAMS 0x0000000727600000, 0x0000000727600000| Complete 
| 277|0x0000000727800000, 0x0000000727a00000, 0x0000000727a00000|100%| E|CS|TAMS 0x0000000727800000, 0x0000000727800000| Complete 
| 278|0x0000000727a00000, 0x0000000727c00000, 0x0000000727c00000|100%| E|CS|TAMS 0x0000000727a00000, 0x0000000727a00000| Complete 
| 279|0x0000000727c00000, 0x0000000727e00000, 0x0000000727e00000|100%| E|CS|TAMS 0x0000000727c00000, 0x0000000727c00000| Complete 

Card table byte_map: [0x0000018ff9740000,0x0000018ff9f20000] _byte_map_base: 0x0000018ff5f19000

Marking Bits (Prev, Next): (CMBitMap*) 0x0000018ff6889ce0, (CMBitMap*) 0x0000018ff6889ca0
 Prev Bits: [0x0000018f8f000000, 0x0000018f92ec8000)
 Next Bits: [0x0000018ffa700000, 0x0000018ffe5c8000)

Polling page: 0x0000018ff68d0000

Metaspace:

Usage:
  Non-class:     37.22 MB used.
      Class:      5.20 MB used.
       Both:     42.42 MB used.

Virtual space:
  Non-class space:       64.00 MB reserved,      37.56 MB ( 59%) committed,  1 nodes.
      Class space:        1.00 GB reserved,       5.50 MB ( <1%) committed,  1 nodes.
             Both:        1.06 GB reserved,      43.06 MB (  4%) committed. 

Chunk freelists:
   Non-Class:  2.17 MB
       Class:  2.61 MB
        Both:  4.78 MB

MaxMetaspaceSize: unlimited
CompressedClassSpaceSize: 1.00 GB
Initial GC threshold: 21.00 MB
Current GC threshold: 71.81 MB
CDS: off
MetaspaceReclaimPolicy: balanced
 - commit_granule_bytes: 65536.
 - commit_granule_words: 8192.
 - virtual_space_node_default_size: 8388608.
 - enlarge_chunks_in_place: 1.
 - new_chunks_are_fully_committed: 0.
 - uncommit_free_chunks: 1.
 - use_allocation_guard: 0.


Internal statistics:

num_allocs_failed_limit: 6.
num_arena_births: 782.
num_arena_deaths: 222.
num_vsnodes_births: 2.
num_vsnodes_deaths: 0.
num_space_committed: 686.
num_space_uncommitted: 0.
num_chunks_returned_to_freelist: 241.
num_chunks_taken_from_freelist: 2193.
num_chunk_merges: 57.
num_chunk_splits: 1420.
num_chunks_enlarged: 1007.
num_inconsistent_stats: 0.

CodeHeap 'non-profiled nmethods': size=120000Kb used=14381Kb max_used=14417Kb free=105618Kb
 bounds [0x0000018f87ad0000, 0x0000018f888f0000, 0x0000018f8f000000]
CodeHeap 'profiled nmethods': size=120000Kb used=21269Kb max_used=22306Kb free=98730Kb
 bounds [0x0000018f80000000, 0x0000018f81610000, 0x0000018f87530000]
CodeHeap 'non-nmethods': size=5760Kb used=1589Kb max_used=1642Kb free=4170Kb
 bounds [0x0000018f87530000, 0x0000018f877a0000, 0x0000018f87ad0000]
 total_blobs=12372 nmethods=11484 adapters=798
 compilation: enabled
              stopped_count=0, restarted_count=0
 full_count=0

Compilation events (20 events):
Event: 5448.209 Thread 0x0000018f9906a570 16312       3       com.sun.prism.impl.BaseResourcePool::freeDisposalRequestedAndCheckResources (157 bytes)
Event: 5448.210 Thread 0x0000018f9906a570 nmethod 16312 0x0000018f804ceb90 code [0x0000018f804cede0, 0x0000018f804cf948]
Event: 5448.213 Thread 0x0000018f990692c0 nmethod 16311 0x0000018f886b8e10 code [0x0000018f886b9040, 0x0000018f886b9888]
Event: 5449.242 Thread 0x0000018f990692c0 16313       4       javafx.scene.control.MenuItem::setDisable (9 bytes)
Event: 5449.246 Thread 0x0000018f990692c0 nmethod 16313 0x0000018f88645490 code [0x0000018f88645620, 0x0000018f88645938]
Event: 5449.263 Thread 0x0000018f9906a570 16315       3       java.lang.invoke.LambdaForm$MH/0x0000000800550400::invoke (64 bytes)
Event: 5449.263 Thread 0x0000018f990692c0 16314       4       com.oracle.javafx.scenebuilder.kit.fxom.FXOMLoader::beginInstanceDeclarationElement (105 bytes)
Event: 5449.264 Thread 0x0000018f9906a570 nmethod 16315 0x0000018f800c3c90 code [0x0000018f800c3f40, 0x0000018f800c4fd8]
Event: 5449.271 Thread 0x0000018f990692c0 nmethod 16314 0x0000018f884c6710 code [0x0000018f884c68c0, 0x0000018f884c7088]
Event: 5449.318 Thread 0x0000018f990692c0 16316       4       com.oracle.javafx.scenebuilder.kit.fxom.FXOMRefresher::refreshFxomObject (159 bytes)
Event: 5449.321 Thread 0x0000018f990692c0 nmethod 16316 0x0000018f8800fe90 code [0x0000018f88010020, 0x0000018f88010208]
Event: 5449.327 Thread 0x0000018f990692c0 16317       4       com.oracle.javafx.scenebuilder.kit.editor.panel.inspector.InspectorPanelController::makeOrResetPropertyEditor (1710 bytes)
Event: 5449.330 Thread 0x0000018f9906a570 16319       3       com.oracle.javafx.scenebuilder.kit.editor.panel.inspector.editors.EditorUtils::makeWidthStretchable (61 bytes)
Event: 5449.331 Thread 0x0000018f9906a570 nmethod 16319 0x0000018f80832890 code [0x0000018f80832b20, 0x0000018f808338f8]
Event: 5449.339 Thread 0x0000018f9906a570 16320       3       javafx.scene.control.TablePosition::getTableColumn (8 bytes)
Event: 5449.339 Thread 0x0000018f9906a570 nmethod 16320 0x0000018f80edfd10 code [0x0000018f80edfec0, 0x0000018f80ee02f8]
Event: 5449.339 Thread 0x0000018f9906a570 16321       3       javafx.scene.control.TablePositionBase::getTableColumn (11 bytes)
Event: 5449.340 Thread 0x0000018f9906a570 nmethod 16321 0x0000018f8088cf10 code [0x0000018f8088d0c0, 0x0000018f8088d398]
Event: 5449.340 Thread 0x0000018f9906a570 16322       3       javafx.scene.control.TableView$TableViewFocusModel::focusedCellPropertyImpl (28 bytes)
Event: 5449.340 Thread 0x0000018f9906a570 nmethod 16322 0x0000018f8100ec90 code [0x0000018f8100ee60, 0x0000018f8100f288]

GC Heap History (20 events):
Event: 5413.119 GC heap before
{Heap before GC invocations=193 (full 0):
 garbage-first heap   total 229376K, used 207009K [0x0000000704e00000, 0x0000000800000000)
  region size 2048K, 5 young (10240K), 1 survivors (2048K)
 Metaspace       used 43570K, committed 44096K, reserved 1114112K
  class space    used 5371K, committed 5632K, reserved 1048576K
}
Event: 5413.121 GC heap after
{Heap after GC invocations=194 (full 0):
 garbage-first heap   total 229376K, used 198440K [0x0000000704e00000, 0x0000000800000000)
  region size 2048K, 1 young (2048K), 1 survivors (2048K)
 Metaspace       used 43570K, committed 44096K, reserved 1114112K
  class space    used 5371K, committed 5632K, reserved 1048576K
}
Event: 5413.140 GC heap before
{Heap before GC invocations=194 (full 0):
 garbage-first heap   total 229376K, used 206632K [0x0000000704e00000, 0x0000000800000000)
  region size 2048K, 5 young (10240K), 1 survivors (2048K)
 Metaspace       used 43570K, committed 44096K, reserved 1114112K
  class space    used 5371K, committed 5632K, reserved 1048576K
}
Event: 5413.142 GC heap after
{Heap after GC invocations=195 (full 0):
 garbage-first heap   total 229376K, used 198769K [0x0000000704e00000, 0x0000000800000000)
  region size 2048K, 1 young (2048K), 1 survivors (2048K)
 Metaspace       used 43570K, committed 44096K, reserved 1114112K
  class space    used 5371K, committed 5632K, reserved 1048576K
}
Event: 5413.677 GC heap before
{Heap before GC invocations=195 (full 0):
 garbage-first heap   total 229376K, used 206961K [0x0000000704e00000, 0x0000000800000000)
  region size 2048K, 5 young (10240K), 1 survivors (2048K)
 Metaspace       used 43570K, committed 44096K, reserved 1114112K
  class space    used 5371K, committed 5632K, reserved 1048576K
}
Event: 5413.680 GC heap after
{Heap after GC invocations=196 (full 0):
 garbage-first heap   total 229376K, used 199458K [0x0000000704e00000, 0x0000000800000000)
  region size 2048K, 1 young (2048K), 1 survivors (2048K)
 Metaspace       used 43570K, committed 44096K, reserved 1114112K
  class space    used 5371K, committed 5632K, reserved 1048576K
}
Event: 5413.707 GC heap before
{Heap before GC invocations=196 (full 0):
 garbage-first heap   total 229376K, used 207650K [0x0000000704e00000, 0x0000000800000000)
  region size 2048K, 5 young (10240K), 1 survivors (2048K)
 Metaspace       used 43570K, committed 44096K, reserved 1114112K
  class space    used 5371K, committed 5632K, reserved 1048576K
}
Event: 5413.710 GC heap after
{Heap after GC invocations=197 (full 0):
 garbage-first heap   total 229376K, used 199981K [0x0000000704e00000, 0x0000000800000000)
  region size 2048K, 1 young (2048K), 1 survivors (2048K)
 Metaspace       used 43570K, committed 44096K, reserved 1114112K
  class space    used 5371K, committed 5632K, reserved 1048576K
}
Event: 5414.425 GC heap before
{Heap before GC invocations=197 (full 0):
 garbage-first heap   total 229376K, used 208173K [0x0000000704e00000, 0x0000000800000000)
  region size 2048K, 5 young (10240K), 1 survivors (2048K)
 Metaspace       used 43570K, committed 44096K, reserved 1114112K
  class space    used 5371K, committed 5632K, reserved 1048576K
}
Event: 5414.428 GC heap after
{Heap after GC invocations=198 (full 0):
 garbage-first heap   total 229376K, used 200477K [0x0000000704e00000, 0x0000000800000000)
  region size 2048K, 1 young (2048K), 1 survivors (2048K)
 Metaspace       used 43570K, committed 44096K, reserved 1114112K
  class space    used 5371K, committed 5632K, reserved 1048576K
}
Event: 5414.454 GC heap before
{Heap before GC invocations=198 (full 0):
 garbage-first heap   total 229376K, used 208669K [0x0000000704e00000, 0x0000000800000000)
  region size 2048K, 5 young (10240K), 1 survivors (2048K)
 Metaspace       used 43571K, committed 44096K, reserved 1114112K
  class space    used 5371K, committed 5632K, reserved 1048576K
}
Event: 5414.457 GC heap after
{Heap after GC invocations=199 (full 0):
 garbage-first heap   total 229376K, used 200783K [0x0000000704e00000, 0x0000000800000000)
  region size 2048K, 1 young (2048K), 1 survivors (2048K)
 Metaspace       used 43571K, committed 44096K, reserved 1114112K
  class space    used 5371K, committed 5632K, reserved 1048576K
}
Event: 5414.914 GC heap before
{Heap before GC invocations=200 (full 0):
 garbage-first heap   total 286720K, used 174159K [0x0000000704e00000, 0x0000000800000000)
  region size 2048K, 7 young (14336K), 1 survivors (2048K)
 Metaspace       used 43370K, committed 44096K, reserved 1114112K
  class space    used 5318K, committed 5632K, reserved 1048576K
}
Event: 5414.919 GC heap after
{Heap after GC invocations=201 (full 0):
 garbage-first heap   total 286720K, used 162080K [0x0000000704e00000, 0x0000000800000000)
  region size 2048K, 1 young (2048K), 1 survivors (2048K)
 Metaspace       used 43370K, committed 44096K, reserved 1114112K
  class space    used 5318K, committed 5632K, reserved 1048576K
}
Event: 5414.954 GC heap before
{Heap before GC invocations=201 (full 0):
 garbage-first heap   total 286720K, used 174368K [0x0000000704e00000, 0x0000000800000000)
  region size 2048K, 7 young (14336K), 1 survivors (2048K)
 Metaspace       used 43370K, committed 44096K, reserved 1114112K
  class space    used 5318K, committed 5632K, reserved 1048576K
}
Event: 5414.965 GC heap after
{Heap after GC invocations=202 (full 0):
 garbage-first heap   total 286720K, used 149484K [0x0000000704e00000, 0x0000000800000000)
  region size 2048K, 1 young (2048K), 1 survivors (2048K)
 Metaspace       used 43370K, committed 44096K, reserved 1114112K
  class space    used 5318K, committed 5632K, reserved 1048576K
}
Event: 5425.380 GC heap before
{Heap before GC invocations=202 (full 0):
 garbage-first heap   total 286720K, used 237548K [0x0000000704e00000, 0x0000000800000000)
  region size 2048K, 44 young (90112K), 1 survivors (2048K)
 Metaspace       used 43380K, committed 44096K, reserved 1114112K
  class space    used 5318K, committed 5632K, reserved 1048576K
}
Event: 5425.384 GC heap after
{Heap after GC invocations=203 (full 0):
 garbage-first heap   total 573440K, used 149685K [0x0000000704e00000, 0x0000000800000000)
  region size 2048K, 1 young (2048K), 1 survivors (2048K)
 Metaspace       used 43380K, committed 44096K, reserved 1114112K
  class space    used 5318K, committed 5632K, reserved 1048576K
}
Event: 5443.280 GC heap before
{Heap before GC invocations=203 (full 0):
 garbage-first heap   total 573440K, used 475317K [0x0000000704e00000, 0x0000000800000000)
  region size 2048K, 148 young (303104K), 1 survivors (2048K)
 Metaspace       used 43421K, committed 44096K, reserved 1114112K
  class space    used 5319K, committed 5632K, reserved 1048576K
}
Event: 5443.285 GC heap after
{Heap after GC invocations=204 (full 0):
 garbage-first heap   total 573440K, used 170002K [0x0000000704e00000, 0x0000000800000000)
  region size 2048K, 2 young (4096K), 2 survivors (4096K)
 Metaspace       used 43421K, committed 44096K, reserved 1114112K
  class space    used 5319K, committed 5632K, reserved 1048576K
}

Dll operation events (20 events):
Event: 0.236 Loaded shared library C:\Users\herztard\AppData\Local\SceneBuilder\runtime\bin\javafx\api-ms-win-crt-locale-l1-1-0.dll
Event: 0.238 Loaded shared library C:\Users\herztard\AppData\Local\SceneBuilder\runtime\bin\javafx\api-ms-win-crt-math-l1-1-0.dll
Event: 0.239 Loaded shared library C:\Users\herztard\AppData\Local\SceneBuilder\runtime\bin\javafx\api-ms-win-crt-multibyte-l1-1-0.dll
Event: 0.240 Loaded shared library C:\Users\herztard\AppData\Local\SceneBuilder\runtime\bin\javafx\api-ms-win-crt-private-l1-1-0.dll
Event: 0.242 Loaded shared library C:\Users\herztard\AppData\Local\SceneBuilder\runtime\bin\javafx\api-ms-win-crt-process-l1-1-0.dll
Event: 0.243 Loaded shared library C:\Users\herztard\AppData\Local\SceneBuilder\runtime\bin\javafx\api-ms-win-crt-runtime-l1-1-0.dll
Event: 0.245 Loaded shared library C:\Users\herztard\AppData\Local\SceneBuilder\runtime\bin\javafx\api-ms-win-crt-stdio-l1-1-0.dll
Event: 0.246 Loaded shared library C:\Users\herztard\AppData\Local\SceneBuilder\runtime\bin\javafx\api-ms-win-crt-string-l1-1-0.dll
Event: 0.247 Loaded shared library C:\Users\herztard\AppData\Local\SceneBuilder\runtime\bin\javafx\api-ms-win-crt-time-l1-1-0.dll
Event: 0.249 Loaded shared library C:\Users\herztard\AppData\Local\SceneBuilder\runtime\bin\javafx\api-ms-win-crt-utility-l1-1-0.dll
Event: 0.250 Loaded shared library C:\Users\herztard\AppData\Local\SceneBuilder\runtime\bin\javafx\ucrtbase.dll
Event: 0.252 Loaded shared library C:\Users\herztard\AppData\Local\SceneBuilder\runtime\bin\javafx\vcruntime140.dll
Event: 0.253 Loaded shared library C:\Users\herztard\AppData\Local\SceneBuilder\runtime\bin\javafx\vcruntime140_1.dll
Event: 0.255 Loaded shared library C:\Users\herztard\AppData\Local\SceneBuilder\runtime\bin\javafx\msvcp140.dll
Event: 0.256 Loaded shared library C:\Users\herztard\AppData\Local\SceneBuilder\runtime\bin\javafx\msvcp140_1.dll
Event: 0.258 Loaded shared library C:\Users\herztard\AppData\Local\SceneBuilder\runtime\bin\javafx\msvcp140_2.dll
Event: 0.293 Loaded shared library C:\Users\herztard\AppData\Local\SceneBuilder\runtime\bin\javafx\prism_d3d.dll
Event: 0.332 Loaded shared library C:\Users\herztard\AppData\Local\SceneBuilder\runtime\bin\javafx\glass.dll
Event: 0.502 Loaded shared library C:\Users\herztard\AppData\Local\SceneBuilder\runtime\bin\prefs.dll
Event: 0.645 Loaded shared library C:\Users\herztard\AppData\Local\SceneBuilder\runtime\bin\javafx\javafx_font.dll

Deoptimization events (20 events):
Event: 5447.174 Thread 0x0000018f993716c0 Uncommon trap: trap_request=0xffffff45 fr.pc=0x0000018f87b8b3b8 relative=0x0000000000000118
Event: 5447.174 Thread 0x0000018f993716c0 Uncommon trap: reason=unstable_if action=reinterpret pc=0x0000018f87b8b3b8 method=java.util.concurrent.locks.ReentrantLock$Sync.tryRelease(I)Z @ 26 c2
Event: 5447.174 Thread 0x0000018f993716c0 DEOPT PACKING pc=0x0000018f87b8b3b8 sp=0x0000004e63efeaa0
Event: 5447.174 Thread 0x0000018f993716c0 DEOPT UNPACKING pc=0x0000018f87596da3 sp=0x0000004e63efe990 mode 2
Event: 5447.174 Thread 0x0000018f993716c0 Uncommon trap: trap_request=0xffffff45 fr.pc=0x0000018f87bab2f8 relative=0x0000000000000158
Event: 5447.174 Thread 0x0000018f993716c0 Uncommon trap: reason=unstable_if action=reinterpret pc=0x0000018f87bab2f8 method=java.util.concurrent.locks.ReentrantLock$NonfairSync.initialTryLock()Z @ 25 c2
Event: 5447.174 Thread 0x0000018f993716c0 DEOPT PACKING pc=0x0000018f87bab2f8 sp=0x0000004e63efea10
Event: 5447.174 Thread 0x0000018f993716c0 DEOPT UNPACKING pc=0x0000018f87596da3 sp=0x0000004e63efe9b0 mode 2
Event: 5447.174 Thread 0x0000018f993716c0 Uncommon trap: trap_request=0xffffff45 fr.pc=0x0000018f87b10e68 relative=0x00000000000000c8
Event: 5447.174 Thread 0x0000018f993716c0 Uncommon trap: reason=unstable_if action=reinterpret pc=0x0000018f87b10e68 method=java.util.concurrent.locks.ReentrantLock$Sync.tryRelease(I)Z @ 26 c2
Event: 5447.174 Thread 0x0000018f993716c0 DEOPT PACKING pc=0x0000018f87b10e68 sp=0x0000004e63efe6c0
Event: 5447.174 Thread 0x0000018f993716c0 DEOPT UNPACKING pc=0x0000018f87596da3 sp=0x0000004e63efe660 mode 2
Event: 5447.179 Thread 0x0000018f993716c0 Uncommon trap: trap_request=0xffffff45 fr.pc=0x0000018f8825dd00 relative=0x0000000000000260
Event: 5447.179 Thread 0x0000018f993716c0 Uncommon trap: reason=unstable_if action=reinterpret pc=0x0000018f8825dd00 method=com.sun.prism.impl.BaseResourcePool.freeDisposalRequestedAndCheckResources(Z)V @ 71 c2
Event: 5447.179 Thread 0x0000018f993716c0 DEOPT PACKING pc=0x0000018f8825dd00 sp=0x0000004e63efed90
Event: 5447.179 Thread 0x0000018f993716c0 DEOPT UNPACKING pc=0x0000018f87596da3 sp=0x0000004e63efed40 mode 2
Event: 5449.242 Thread 0x0000018f99598f80 Uncommon trap: trap_request=0xffffff45 fr.pc=0x0000018f87e9d194 relative=0x0000000000000254
Event: 5449.242 Thread 0x0000018f99598f80 Uncommon trap: reason=unstable_if action=reinterpret pc=0x0000018f87e9d194 method=java.lang.ref.SoftReference.get()Ljava/lang/Object; @ 6 c2
Event: 5449.242 Thread 0x0000018f99598f80 DEOPT PACKING pc=0x0000018f87e9d194 sp=0x0000004e642fd9b0
Event: 5449.242 Thread 0x0000018f99598f80 DEOPT UNPACKING pc=0x0000018f87596da3 sp=0x0000004e642fd8a0 mode 2

Classes loaded (20 events):
Event: 338.419 Loading class sun/nio/cs/UTF_16LE$Decoder
Event: 338.419 Loading class sun/nio/cs/UTF_16LE$Decoder done
Event: 400.006 Loading class sun/reflect/generics/tree/ArrayTypeSignature
Event: 400.007 Loading class sun/reflect/generics/tree/ArrayTypeSignature done
Event: 696.836 Loading class java/util/ArrayList$ListItr
Event: 696.837 Loading class java/util/ArrayList$ListItr done
Event: 704.764 Loading class java/util/Formattable
Event: 704.764 Loading class java/util/Formattable done
Event: 710.796 Loading class java/lang/Deprecated
Event: 710.796 Loading class java/lang/Deprecated done
Event: 710.852 Loading class java/util/Random
Event: 710.852 Loading class java/util/random/RandomGenerator
Event: 710.852 Loading class java/util/random/RandomGenerator done
Event: 710.852 Loading class java/util/Random done
Event: 5447.173 Loading class java/lang/Throwable$WrappedPrintStream
Event: 5447.173 Loading class java/lang/Throwable$PrintStreamOrWriter
Event: 5447.173 Loading class java/lang/Throwable$PrintStreamOrWriter done
Event: 5447.173 Loading class java/lang/Throwable$WrappedPrintStream done
Event: 5447.173 Loading class java/io/InterruptedIOException
Event: 5447.173 Loading class java/io/InterruptedIOException done

Classes unloaded (20 events):
Event: 5414.535 Thread 0x0000018fff09d230 Unloading class 0x00000008000a1000 'java/lang/invoke/LambdaForm$MH+0x00000008000a1000'
Event: 5414.535 Thread 0x0000018fff09d230 Unloading class 0x00000008000a0c00 'java/lang/invoke/LambdaForm$MH+0x00000008000a0c00'
Event: 5414.535 Thread 0x0000018fff09d230 Unloading class 0x00000008000a0400 'java/lang/invoke/LambdaForm$MH+0x00000008000a0400'
Event: 5414.535 Thread 0x0000018fff09d230 Unloading class 0x0000000800096000 'java/lang/invoke/LambdaForm$MH+0x0000000800096000'
Event: 5414.535 Thread 0x0000018fff09d230 Unloading class 0x0000000800095800 'java/lang/invoke/LambdaForm$MH+0x0000000800095800'
Event: 5414.535 Thread 0x0000018fff09d230 Unloading class 0x0000000800095400 'java/lang/invoke/LambdaForm$MH+0x0000000800095400'
Event: 5414.535 Thread 0x0000018fff09d230 Unloading class 0x0000000800095000 'java/lang/invoke/LambdaForm$MH+0x0000000800095000'
Event: 5414.535 Thread 0x0000018fff09d230 Unloading class 0x0000000800094c00 'java/lang/invoke/LambdaForm$MH+0x0000000800094c00'
Event: 5414.535 Thread 0x0000018fff09d230 Unloading class 0x0000000800094400 'java/lang/invoke/LambdaForm$MH+0x0000000800094400'
Event: 5414.535 Thread 0x0000018fff09d230 Unloading class 0x0000000800094000 'java/lang/invoke/LambdaForm$MH+0x0000000800094000'
Event: 5414.535 Thread 0x0000018fff09d230 Unloading class 0x0000000800093c00 'java/lang/invoke/LambdaForm$MH+0x0000000800093c00'
Event: 5414.535 Thread 0x0000018fff09d230 Unloading class 0x0000000800093400 'java/lang/invoke/LambdaForm$MH+0x0000000800093400'
Event: 5414.535 Thread 0x0000018fff09d230 Unloading class 0x0000000800092800 'java/lang/invoke/LambdaForm$MH+0x0000000800092800'
Event: 5414.535 Thread 0x0000018fff09d230 Unloading class 0x0000000800092400 'java/lang/invoke/LambdaForm$MH+0x0000000800092400'
Event: 5414.535 Thread 0x0000018fff09d230 Unloading class 0x0000000800092000 'java/lang/invoke/LambdaForm$MH+0x0000000800092000'
Event: 5414.535 Thread 0x0000018fff09d230 Unloading class 0x0000000800091800 'java/lang/invoke/LambdaForm$MH+0x0000000800091800'
Event: 5414.535 Thread 0x0000018fff09d230 Unloading class 0x0000000800090800 'java/lang/invoke/LambdaForm$MH+0x0000000800090800'
Event: 5414.535 Thread 0x0000018fff09d230 Unloading class 0x0000000800080800 'java/lang/invoke/LambdaForm$MH+0x0000000800080800'
Event: 5414.535 Thread 0x0000018fff09d230 Unloading class 0x0000000800080400 'java/lang/invoke/LambdaForm$MH+0x0000000800080400'
Event: 5414.535 Thread 0x0000018fff09d230 Unloading class 0x0000000800002c00 'java/lang/invoke/LambdaForm$MH+0x0000000800002c00'

Classes redefined (0 events):
No events

Internal exceptions (20 events):
Event: 5447.179 Thread 0x0000018f993716c0 Exception <a 'java/io/IOException'{0x000000072254d140}> (0x000000072254d140) 
thrown [s\open\src\hotspot\share\prims\jni.cpp, line 517]
Event: 5447.179 Thread 0x0000018f993716c0 Exception <a 'java/io/IOException'{0x000000072254d4b0}> (0x000000072254d4b0) 
thrown [s\open\src\hotspot\share\prims\jni.cpp, line 517]
Event: 5447.179 Thread 0x0000018f993716c0 Exception <a 'java/io/IOException'{0x000000072254dcf0}> (0x000000072254dcf0) 
thrown [s\open\src\hotspot\share\prims\jni.cpp, line 517]
Event: 5447.179 Thread 0x0000018f993716c0 Exception <a 'java/io/IOException'{0x000000072254e060}> (0x000000072254e060) 
thrown [s\open\src\hotspot\share\prims\jni.cpp, line 517]
Event: 5447.179 Thread 0x0000018f993716c0 Exception <a 'java/io/IOException'{0x000000072254e7d8}> (0x000000072254e7d8) 
thrown [s\open\src\hotspot\share\prims\jni.cpp, line 517]
Event: 5447.179 Thread 0x0000018f993716c0 Exception <a 'java/io/IOException'{0x000000072254eb48}> (0x000000072254eb48) 
thrown [s\open\src\hotspot\share\prims\jni.cpp, line 517]
Event: 5447.179 Thread 0x0000018f993716c0 Exception <a 'java/io/IOException'{0x000000072254f2d0}> (0x000000072254f2d0) 
thrown [s\open\src\hotspot\share\prims\jni.cpp, line 517]
Event: 5447.179 Thread 0x0000018f993716c0 Exception <a 'java/io/IOException'{0x000000072254f640}> (0x000000072254f640) 
thrown [s\open\src\hotspot\share\prims\jni.cpp, line 517]
Event: 5447.179 Thread 0x0000018f993716c0 Exception <a 'java/io/IOException'{0x000000072254ff68}> (0x000000072254ff68) 
thrown [s\open\src\hotspot\share\prims\jni.cpp, line 517]
Event: 5447.179 Thread 0x0000018f993716c0 Exception <a 'java/io/IOException'{0x00000007225502d8}> (0x00000007225502d8) 
thrown [s\open\src\hotspot\share\prims\jni.cpp, line 517]
Event: 5447.179 Thread 0x0000018f993716c0 Exception <a 'java/io/IOException'{0x00000007225509a8}> (0x00000007225509a8) 
thrown [s\open\src\hotspot\share\prims\jni.cpp, line 517]
Event: 5447.179 Thread 0x0000018f993716c0 Exception <a 'java/io/IOException'{0x0000000722550d18}> (0x0000000722550d18) 
thrown [s\open\src\hotspot\share\prims\jni.cpp, line 517]
Event: 5447.291 Thread 0x0000018f99754720 Exception <a 'sun/nio/fs/WindowsException'{0x00000007225aaaa0}> (0x00000007225aaaa0) 
thrown [s\open\src\hotspot\share\prims\jni.cpp, line 517]
Event: 5447.291 Thread 0x0000018f99754720 Exception <a 'sun/nio/fs/WindowsException'{0x00000007225aac28}> (0x00000007225aac28) 
thrown [s\open\src\hotspot\share\prims\jni.cpp, line 517]
Event: 5448.293 Thread 0x0000018f99754720 Exception <a 'sun/nio/fs/WindowsException'{0x00000007225ab248}> (0x00000007225ab248) 
thrown [s\open\src\hotspot\share\prims\jni.cpp, line 517]
Event: 5448.293 Thread 0x0000018f99754720 Exception <a 'sun/nio/fs/WindowsException'{0x00000007225e56c0}> (0x00000007225e56c0) 
thrown [s\open\src\hotspot\share\prims\jni.cpp, line 517]
Event: 5449.242 Thread 0x0000018f99598f80 Implicit null exception at 0x0000018f87e9cf8b to 0x0000018f87e9d180
Event: 5449.293 Thread 0x0000018f99754720 Exception <a 'sun/nio/fs/WindowsException'{0x00000007225e5d70}> (0x00000007225e5d70) 
thrown [s\open\src\hotspot\share\prims\jni.cpp, line 517]
Event: 5449.293 Thread 0x0000018f99754720 Exception <a 'sun/nio/fs/WindowsException'{0x0000000721c00118}> (0x0000000721c00118) 
thrown [s\open\src\hotspot\share\prims\jni.cpp, line 517]
Event: 5449.319 Thread 0x0000018f99598f80 Exception <a 'java/io/FileNotFoundException'{0x0000000721c6a158}> (0x0000000721c6a158) 
thrown [s\open\src\hotspot\share\prims\jni.cpp, line 517]

VM Operations (20 events):
Event: 5429.385 Executing VM operation: Cleanup
Event: 5429.385 Executing VM operation: Cleanup done
Event: 5431.386 Executing VM operation: Cleanup
Event: 5431.386 Executing VM operation: Cleanup done
Event: 5432.386 Executing VM operation: Cleanup
Event: 5432.386 Executing VM operation: Cleanup done
Event: 5434.386 Executing VM operation: Cleanup
Event: 5434.386 Executing VM operation: Cleanup done
Event: 5437.388 Executing VM operation: Cleanup
Event: 5437.388 Executing VM operation: Cleanup done
Event: 5440.388 Executing VM operation: Cleanup
Event: 5440.388 Executing VM operation: Cleanup done
Event: 5443.280 Executing VM operation: G1CollectForAllocation
Event: 5443.285 Executing VM operation: G1CollectForAllocation done
Event: 5445.286 Executing VM operation: Cleanup
Event: 5445.286 Executing VM operation: Cleanup done
Event: 5447.102 Executing VM operation: HandshakeAllThreads
Event: 5447.102 Executing VM operation: HandshakeAllThreads done
Event: 5448.102 Executing VM operation: Cleanup
Event: 5448.102 Executing VM operation: Cleanup done

Events (20 events):
Event: 5446.871 Thread 0x0000018fa06577a0 Thread exited: 0x0000018fa06577a0
Event: 5446.871 Thread 0x0000018fa0659780 Thread added: 0x0000018fa0659780
Event: 5446.934 Thread 0x0000018fa0659780 Thread exited: 0x0000018fa0659780
Event: 5446.934 Thread 0x0000018fa06577a0 Thread added: 0x0000018fa06577a0
Event: 5446.997 Thread 0x0000018fa06577a0 Thread exited: 0x0000018fa06577a0
Event: 5446.997 Thread 0x0000018fa0659cd0 Thread added: 0x0000018fa0659cd0
Event: 5447.039 Thread 0x0000018fa0659cd0 Thread exited: 0x0000018fa0659cd0
Event: 5447.040 Thread 0x0000018fa065acc0 Thread added: 0x0000018fa065acc0
Event: 5447.102 Thread 0x0000018f9906d6d0 flushing nmethod 0x0000018f87b8a310
Event: 5447.103 Thread 0x0000018f9906d6d0 flushing nmethod 0x0000018f87d43190
Event: 5447.104 Thread 0x0000018f9906d6d0 flushing nmethod 0x0000018f87e13290
Event: 5447.104 Thread 0x0000018f9906d6d0 flushing nmethod 0x0000018f8800fa90
Event: 5447.105 Thread 0x0000018f9906d6d0 flushing nmethod 0x0000018f88090d90
Event: 5447.107 Thread 0x0000018f9906d6d0 flushing nmethod 0x0000018f884c6710
Event: 5447.107 Thread 0x0000018f9906d6d0 flushing nmethod 0x0000018f88589410
Event: 5447.107 Thread 0x0000018f9906d6d0 flushing nmethod 0x0000018f88645490
Event: 5447.107 Thread 0x0000018f9906d6d0 flushing nmethod 0x0000018f886b5990
Event: 5447.113 Thread 0x0000018fa065acc0 Thread exited: 0x0000018fa065acc0
Event: 5447.114 Thread 0x0000018f9906d6d0 flushing nmethod 0x0000018f80a76b10
Event: 5447.117 Thread 0x0000018f9906d6d0 flushing nmethod 0x0000018f8100ec90


Dynamic libraries:
0x00007ff62aa00000 - 0x00007ff62aab3000 	C:\Users\herztard\AppData\Local\SceneBuilder\SceneBuilder.exe
0x00007ff9b9550000 - 0x00007ff9b9748000 	C:\Windows\SYSTEM32\ntdll.dll
0x00007ff9b8240000 - 0x00007ff9b82fd000 	C:\Windows\System32\KERNEL32.DLL
0x00007ff9b6d70000 - 0x00007ff9b703e000 	C:\Windows\System32\KERNELBASE.dll
0x00007ff9b7a30000 - 0x00007ff9b7bd0000 	C:\Windows\System32\USER32.dll
0x00007ff9b7580000 - 0x00007ff9b75a2000 	C:\Windows\System32\win32u.dll
0x00007ff9b7680000 - 0x00007ff9b76aa000 	C:\Windows\System32\GDI32.dll
0x00007ff9b73a0000 - 0x00007ff9b74ab000 	C:\Windows\System32\gdi32full.dll
0x00007ff9b74b0000 - 0x00007ff9b754d000 	C:\Windows\System32\msvcp_win.dll
0x00007ff9b72a0000 - 0x00007ff9b73a0000 	C:\Windows\System32\ucrtbase.dll
0x00007ff9b8480000 - 0x00007ff9b8bc3000 	C:\Windows\System32\SHELL32.dll
0x00007ff9b8450000 - 0x00007ff9b8480000 	C:\Windows\System32\IMM32.DLL
0x00007ff9b83a0000 - 0x00007ff9b844d000 	C:\Windows\System32\shcore.dll
0x00007ff9b8c40000 - 0x00007ff9b8cde000 	C:\Windows\System32\msvcrt.dll
0x00007ff9b8fa0000 - 0x00007ff9b92f4000 	C:\Windows\System32\combase.dll
0x00007ff9b7bd0000 - 0x00007ff9b7cf5000 	C:\Windows\System32\RPCRT4.dll
0x00007ff9b2750000 - 0x00007ff9b2767000 	C:\Users\herztard\AppData\Local\SceneBuilder\runtime\bin\jli.dll
0x00007ff9a6320000 - 0x00007ff9a65ba000 	C:\Windows\WinSxS\amd64_microsoft.windows.common-controls_6595b64144ccf1df_6.0.19041.1110_none_60b5254171f9507e\COMCTL32.dll
0x00007ff9b1a20000 - 0x00007ff9b1a3b000 	C:\Users\herztard\AppData\Local\SceneBuilder\runtime\bin\VCRUNTIME140.dll
0x00007ff9b2800000 - 0x00007ff9b280c000 	C:\Users\herztard\AppData\Local\SceneBuilder\runtime\bin\vcruntime140_1.dll
0x00007ff9a9260000 - 0x00007ff9a92ee000 	C:\Users\herztard\AppData\Local\SceneBuilder\runtime\bin\msvcp140.dll
0x00007ff975790000 - 0x00007ff976450000 	C:\Users\herztard\AppData\Local\SceneBuilder\runtime\bin\server\jvm.dll
0x00007ff9b93c0000 - 0x00007ff9b946e000 	C:\Windows\System32\ADVAPI32.dll
0x00007ff9b8300000 - 0x00007ff9b839c000 	C:\Windows\System32\sechost.dll
0x00007ff9acd60000 - 0x00007ff9acd87000 	C:\Windows\SYSTEM32\WINMM.dll
0x00007ff9b1a10000 - 0x00007ff9b1a19000 	C:\Windows\SYSTEM32\WSOCK32.dll
0x00007ff9afa20000 - 0x00007ff9afa2a000 	C:\Windows\SYSTEM32\VERSION.dll
0x00007ff9b8bd0000 - 0x00007ff9b8c3b000 	C:\Windows\System32\WS2_32.dll
0x00007ff9b4b60000 - 0x00007ff9b4b72000 	C:\Windows\SYSTEM32\kernel.appcore.dll
0x00007ff9b1f80000 - 0x00007ff9b1f8a000 	C:\Users\herztard\AppData\Local\SceneBuilder\runtime\bin\jimage.dll
0x00007ff9acf90000 - 0x00007ff9ad174000 	C:\Windows\SYSTEM32\DBGHELP.DLL
0x00007ff9a7d30000 - 0x00007ff9a7d5c000 	C:\Windows\SYSTEM32\dbgcore.DLL
0x00007ff9b6c70000 - 0x00007ff9b6cf2000 	C:\Windows\System32\bcryptPrimitives.dll
0x00007ff9a5720000 - 0x00007ff9a5746000 	C:\Users\herztard\AppData\Local\SceneBuilder\runtime\bin\java.dll
0x00007ff9b1820000 - 0x00007ff9b1838000 	C:\Users\herztard\AppData\Local\SceneBuilder\runtime\bin\zip.dll
0x00007ff9b4d60000 - 0x00007ff9b54f5000 	C:\Windows\SYSTEM32\windows.storage.dll
0x00007ff9b6660000 - 0x00007ff9b6690000 	C:\Windows\SYSTEM32\Wldp.dll
0x00007ff9b8e10000 - 0x00007ff9b8e65000 	C:\Windows\System32\shlwapi.dll
0x00007ff9b6bb0000 - 0x00007ff9b6bcf000 	C:\Windows\SYSTEM32\profapi.dll
0x00007ff9a9240000 - 0x00007ff9a9253000 	C:\Users\herztard\AppData\Local\SceneBuilder\runtime\bin\net.dll
0x00007ff9a9fc0000 - 0x00007ff9aa0ca000 	C:\Windows\SYSTEM32\WINHTTP.dll
0x00007ff9b6360000 - 0x00007ff9b63ca000 	C:\Windows\system32\mswsock.dll
0x00007ff9a5700000 - 0x00007ff9a5716000 	C:\Users\herztard\AppData\Local\SceneBuilder\runtime\bin\nio.dll
0x0000018f99c00000 - 0x0000018f99c03000 	C:\Users\herztard\AppData\Local\SceneBuilder\runtime\bin\javafx\api-ms-win-core-console-l1-1-0.dll
0x0000018f99c10000 - 0x0000018f99c13000 	C:\Users\herztard\AppData\Local\SceneBuilder\runtime\bin\javafx\api-ms-win-core-console-l1-2-0.dll
0x0000018f99c20000 - 0x0000018f99c23000 	C:\Users\herztard\AppData\Local\SceneBuilder\runtime\bin\javafx\api-ms-win-core-datetime-l1-1-0.dll
0x0000018f99c30000 - 0x0000018f99c33000 	C:\Users\herztard\AppData\Local\SceneBuilder\runtime\bin\javafx\api-ms-win-core-debug-l1-1-0.dll
0x0000018f99c40000 - 0x0000018f99c43000 	C:\Users\herztard\AppData\Local\SceneBuilder\runtime\bin\javafx\api-ms-win-core-errorhandling-l1-1-0.dll
0x0000018f99c50000 - 0x0000018f99c54000 	C:\Users\herztard\AppData\Local\SceneBuilder\runtime\bin\javafx\api-ms-win-core-file-l1-1-0.dll
0x0000018f99c60000 - 0x0000018f99c63000 	C:\Users\herztard\AppData\Local\SceneBuilder\runtime\bin\javafx\api-ms-win-core-file-l1-2-0.dll
0x0000018f99c70000 - 0x0000018f99c73000 	C:\Users\herztard\AppData\Local\SceneBuilder\runtime\bin\javafx\api-ms-win-core-file-l2-1-0.dll
0x0000018f99c80000 - 0x0000018f99c83000 	C:\Users\herztard\AppData\Local\SceneBuilder\runtime\bin\javafx\api-ms-win-core-handle-l1-1-0.dll
0x0000018f99c90000 - 0x0000018f99c93000 	C:\Users\herztard\AppData\Local\SceneBuilder\runtime\bin\javafx\api-ms-win-core-heap-l1-1-0.dll
0x0000018f99ca0000 - 0x0000018f99ca3000 	C:\Users\herztard\AppData\Local\SceneBuilder\runtime\bin\javafx\api-ms-win-core-interlocked-l1-1-0.dll
0x0000018f99cb0000 - 0x0000018f99cb3000 	C:\Users\herztard\AppData\Local\SceneBuilder\runtime\bin\javafx\api-ms-win-core-libraryloader-l1-1-0.dll
0x0000018f99cc0000 - 0x0000018f99cc3000 	C:\Users\herztard\AppData\Local\SceneBuilder\runtime\bin\javafx\api-ms-win-core-localization-l1-2-0.dll
0x0000018f99cd0000 - 0x0000018f99cd3000 	C:\Users\herztard\AppData\Local\SceneBuilder\runtime\bin\javafx\api-ms-win-core-memory-l1-1-0.dll
0x0000018f99ce0000 - 0x0000018f99ce3000 	C:\Users\herztard\AppData\Local\SceneBuilder\runtime\bin\javafx\api-ms-win-core-namedpipe-l1-1-0.dll
0x0000018f99cf0000 - 0x0000018f99cf3000 	C:\Users\herztard\AppData\Local\SceneBuilder\runtime\bin\javafx\api-ms-win-core-processenvironment-l1-1-0.dll
0x0000018f99d00000 - 0x0000018f99d03000 	C:\Users\herztard\AppData\Local\SceneBuilder\runtime\bin\javafx\api-ms-win-core-processthreads-l1-1-0.dll
0x0000018f99d10000 - 0x0000018f99d13000 	C:\Users\herztard\AppData\Local\SceneBuilder\runtime\bin\javafx\api-ms-win-core-processthreads-l1-1-1.dll
0x0000018f99d20000 - 0x0000018f99d23000 	C:\Users\herztard\AppData\Local\SceneBuilder\runtime\bin\javafx\api-ms-win-core-profile-l1-1-0.dll
0x0000018f99d30000 - 0x0000018f99d33000 	C:\Users\herztard\AppData\Local\SceneBuilder\runtime\bin\javafx\api-ms-win-core-rtlsupport-l1-1-0.dll
0x0000018f99d40000 - 0x0000018f99d43000 	C:\Users\herztard\AppData\Local\SceneBuilder\runtime\bin\javafx\api-ms-win-core-string-l1-1-0.dll
0x0000018f99d50000 - 0x0000018f99d53000 	C:\Users\herztard\AppData\Local\SceneBuilder\runtime\bin\javafx\api-ms-win-core-synch-l1-1-0.dll
0x0000018f99d60000 - 0x0000018f99d63000 	C:\Users\herztard\AppData\Local\SceneBuilder\runtime\bin\javafx\api-ms-win-core-synch-l1-2-0.dll
0x0000018f99d70000 - 0x0000018f99d73000 	C:\Users\herztard\AppData\Local\SceneBuilder\runtime\bin\javafx\api-ms-win-core-sysinfo-l1-1-0.dll
0x0000018f99d80000 - 0x0000018f99d83000 	C:\Users\herztard\AppData\Local\SceneBuilder\runtime\bin\javafx\api-ms-win-core-timezone-l1-1-0.dll
0x0000018f99d90000 - 0x0000018f99d93000 	C:\Users\herztard\AppData\Local\SceneBuilder\runtime\bin\javafx\api-ms-win-core-util-l1-1-0.dll
0x0000018f99da0000 - 0x0000018f99da3000 	C:\Users\herztard\AppData\Local\SceneBuilder\runtime\bin\javafx\api-ms-win-crt-conio-l1-1-0.dll
0x0000018f99db0000 - 0x0000018f99db4000 	C:\Users\herztard\AppData\Local\SceneBuilder\runtime\bin\javafx\api-ms-win-crt-convert-l1-1-0.dll
0x0000018f99dc0000 - 0x0000018f99dc3000 	C:\Users\herztard\AppData\Local\SceneBuilder\runtime\bin\javafx\api-ms-win-crt-environment-l1-1-0.dll
0x0000018f99dd0000 - 0x0000018f99dd3000 	C:\Users\herztard\AppData\Local\SceneBuilder\runtime\bin\javafx\api-ms-win-crt-filesystem-l1-1-0.dll
0x0000018f99de0000 - 0x0000018f99de3000 	C:\Users\herztard\AppData\Local\SceneBuilder\runtime\bin\javafx\api-ms-win-crt-heap-l1-1-0.dll
0x0000018f99df0000 - 0x0000018f99df3000 	C:\Users\herztard\AppData\Local\SceneBuilder\runtime\bin\javafx\api-ms-win-crt-locale-l1-1-0.dll
0x0000018f99e00000 - 0x0000018f99e05000 	C:\Users\herztard\AppData\Local\SceneBuilder\runtime\bin\javafx\api-ms-win-crt-math-l1-1-0.dll
0x0000018f99e10000 - 0x0000018f99e15000 	C:\Users\herztard\AppData\Local\SceneBuilder\runtime\bin\javafx\api-ms-win-crt-multibyte-l1-1-0.dll
0x0000018f99e20000 - 0x0000018f99e30000 	C:\Users\herztard\AppData\Local\SceneBuilder\runtime\bin\javafx\api-ms-win-crt-private-l1-1-0.dll
0x0000018f99e30000 - 0x0000018f99e33000 	C:\Users\herztard\AppData\Local\SceneBuilder\runtime\bin\javafx\api-ms-win-crt-process-l1-1-0.dll
0x0000018f99e40000 - 0x0000018f99e44000 	C:\Users\herztard\AppData\Local\SceneBuilder\runtime\bin\javafx\api-ms-win-crt-runtime-l1-1-0.dll
0x0000018f99e50000 - 0x0000018f99e54000 	C:\Users\herztard\AppData\Local\SceneBuilder\runtime\bin\javafx\api-ms-win-crt-stdio-l1-1-0.dll
0x0000018f99e60000 - 0x0000018f99e64000 	C:\Users\herztard\AppData\Local\SceneBuilder\runtime\bin\javafx\api-ms-win-crt-string-l1-1-0.dll
0x0000018f99e70000 - 0x0000018f99e73000 	C:\Users\herztard\AppData\Local\SceneBuilder\runtime\bin\javafx\api-ms-win-crt-time-l1-1-0.dll
0x0000018f99e80000 - 0x0000018f99e83000 	C:\Users\herztard\AppData\Local\SceneBuilder\runtime\bin\javafx\api-ms-win-crt-utility-l1-1-0.dll
0x00007ff9a5600000 - 0x00007ff9a56fc000 	C:\Users\herztard\AppData\Local\SceneBuilder\runtime\bin\javafx\ucrtbase.dll
0x00007ff9a4730000 - 0x00007ff9a474b000 	C:\Users\herztard\AppData\Local\SceneBuilder\runtime\bin\javafx\vcruntime140.dll
0x00007ff9b1aa0000 - 0x00007ff9b1aac000 	C:\Users\herztard\AppData\Local\SceneBuilder\runtime\bin\javafx\vcruntime140_1.dll
0x00007ff9a4610000 - 0x00007ff9a469e000 	C:\Users\herztard\AppData\Local\SceneBuilder\runtime\bin\javafx\msvcp140.dll
0x00007ff9b14a0000 - 0x00007ff9b14a9000 	C:\Users\herztard\AppData\Local\SceneBuilder\runtime\bin\javafx\msvcp140_1.dll
0x00007ff9a4700000 - 0x00007ff9a4730000 	C:\Users\herztard\AppData\Local\SceneBuilder\runtime\bin\javafx\msvcp140_2.dll
0x00007ff9a46d0000 - 0x00007ff9a46fc000 	C:\Users\herztard\AppData\Local\SceneBuilder\runtime\bin\javafx\prism_d3d.dll
0x00007ff97f930000 - 0x00007ff97faff000 	C:\Windows\system32\d3d9.dll
0x00007ff9b4870000 - 0x00007ff9b489f000 	C:\Windows\SYSTEM32\dwmapi.dll
0x00007ff9b4680000 - 0x00007ff9b471e000 	C:\Windows\system32\uxtheme.dll
0x00007ff9acd90000 - 0x00007ff9acf4b000 	C:\Windows\System32\DriverStore\FileRepository\u0386458.inf_amd64_e0283e9e7966f704\B386218\aticfx64.dll
0x00007ff9a4580000 - 0x00007ff9a45b4000 	C:\Windows\System32\DriverStore\FileRepository\u0386458.inf_amd64_e0283e9e7966f704\B386218\atiu9p64.dll
0x00007ff973b20000 - 0x00007ff974875000 	C:\Windows\System32\DriverStore\FileRepository\u0386458.inf_amd64_e0283e9e7966f704\B386218\atiumd64.dll
0x00007ff9b8e70000 - 0x00007ff9b8f9a000 	C:\Windows\System32\ole32.dll
0x00000000762f0000 - 0x0000000077217000 	C:\Windows\System32\DriverStore\FileRepository\u0386458.inf_amd64_e0283e9e7966f704\B386218\atiumd6a.dll
0x00007ff9b7d00000 - 0x00007ff9b816f000 	C:\Windows\System32\SETUPAPI.dll
0x00007ff9b70f0000 - 0x00007ff9b713e000 	C:\Windows\System32\cfgmgr32.dll
0x00007ff9b6ae0000 - 0x00007ff9b6b2b000 	C:\Windows\SYSTEM32\POWRPROF.dll
0x00007ff9b7550000 - 0x00007ff9b7577000 	C:\Windows\System32\bcrypt.dll
0x00007ff9b6ac0000 - 0x00007ff9b6ad2000 	C:\Windows\SYSTEM32\UMPDC.dll
0x00007ff9aa910000 - 0x00007ff9aa945000 	C:\Windows\SYSTEM32\amdihk64.dll
0x00007ff99e320000 - 0x00007ff99e362000 	C:\Users\herztard\AppData\Local\SceneBuilder\runtime\bin\javafx\glass.dll
0x00007ff9b78f0000 - 0x00007ff9b79ca000 	C:\Windows\System32\COMDLG32.dll
0x00007ff9b75b0000 - 0x00007ff9b767d000 	C:\Windows\System32\OLEAUT32.dll
0x00007ff9b8cf0000 - 0x00007ff9b8e05000 	C:\Windows\System32\MSCTF.dll
0x00007ff9afa50000 - 0x00007ff9afa8b000 	C:\Windows\SYSTEM32\dxcore.dll
0x00007ff9af7c0000 - 0x00007ff9af7c9000 	C:\Users\herztard\AppData\Local\SceneBuilder\runtime\bin\prefs.dll
0x00007ff9a45f0000 - 0x00007ff9a4604000 	C:\Users\herztard\AppData\Local\SceneBuilder\runtime\bin\javafx\javafx_font.dll
0x00007ff99f1b0000 - 0x00007ff99f42f000 	C:\Windows\SYSTEM32\dwrite.dll
0x00007ff9b9300000 - 0x00007ff9b93a9000 	C:\Windows\System32\clbcatq.dll
0x00007ff9b0390000 - 0x00007ff9b0544000 	C:\Windows\SYSTEM32\WindowsCodecs.dll
0x00007ff9a6980000 - 0x00007ff9a69be000 	C:\Windows\system32\dataexchange.dll
0x00007ff9b38c0000 - 0x00007ff9b3aa4000 	C:\Windows\system32\dcomp.dll
0x00007ff9b3650000 - 0x00007ff9b38b3000 	C:\Windows\system32\d3d11.dll
0x00007ff9b5560000 - 0x00007ff9b5653000 	C:\Windows\system32\dxgi.dll
0x00007ff9b07c0000 - 0x00007ff9b09c0000 	C:\Windows\system32\twinapi.appcore.dll
0x00007ff9a4540000 - 0x00007ff9a4574000 	C:\Program Files\Common Files\Microsoft Shared\Ink\rtscom.dll
0x00007ff9a2460000 - 0x00007ff9a2559000 	C:\Windows\SYSTEM32\textinputframework.dll
0x00007ff9b3ab0000 - 0x00007ff9b3e0e000 	C:\Windows\System32\CoreUIComponents.dll
0x00007ff9b4190000 - 0x00007ff9b4282000 	C:\Windows\System32\CoreMessaging.dll
0x00007ff9b2ad0000 - 0x00007ff9b2c24000 	C:\Windows\SYSTEM32\wintypes.dll
0x00007ff9b5970000 - 0x00007ff9b59a3000 	C:\Windows\SYSTEM32\ntmarta.dll
0x00007ff9a6740000 - 0x00007ff9a6764000 	C:\Windows\SYSTEM32\edputil.dll
0x00007ff9b2810000 - 0x00007ff9b2906000 	C:\Windows\system32\propsys.dll

dbghelp: loaded successfully - version: 4.0.5 - missing functions: none
symbol engine: initialized successfully - sym options: 0x614 - pdb path: .;C:\Users\herztard\AppData\Local\SceneBuilder;C:\Windows\SYSTEM32;C:\Users\herztard\AppData\Local\SceneBuilder\runtime\bin;C:\Windows\WinSxS\amd64_microsoft.windows.common-controls_6595b64144ccf1df_6.0.19041.1110_none_60b5254171f9507e;C:\Users\herztard\AppData\Local\SceneBuilder\runtime\bin\server;C:\Users\herztard\AppData\Local\SceneBuilder\runtime\bin\javafx;C:\Windows\System32\DriverStore\FileRepository\u0386458.inf_amd64_e0283e9e7966f704\B386218;C:\Program Files\Common Files\Microsoft Shared\Ink;C:\Program Files (x86)\Common Files\Adobe\CoreSyncExtension;C:\Users\herztard\AppData\Local\Microsoft\OneDrive\23.048.0305.0002;C:\PROGRA~1\MICROS~2\Office16;C:\PROGRA~1\MICROS~2\Office16\1049;C:\Windows\WinSxS\amd64_microsoft.windows.gdiplus_6595b64144ccf1df_1.1.19041.2006_none_919e9136cc8d4791

VM Arguments:
jvm_args: -Djpackage.app-version=19.0.0 --add-opens=javafx.fxml/javafx.fxml=ALL-UNNAMED -Djava.library.path=runtime\bin;runtime\lib -Djpackage.app-path=C:\Users\herztard\AppData\Local\SceneBuilder\SceneBuilder.exe 
java_command: com.oracle.javafx.scenebuilder.app.SceneBuilderApp D:\CSS108\Adilzhan_Slyamgazy_220103151_project_2\src\main\resources\herztalkingnews\views\main-view.fxml
java_class_path (initial): C:\Users\herztard\AppData\Local\SceneBuilder\app\scenebuilder-19.0.0-all.jar;C:\Users\herztard\AppData\Local\SceneBuilder\app\scenebuilder-19.0.0-SNAPSHOT-all.jar
Launcher Type: SUN_STANDARD

[Global flags]
     intx CICompilerCount                          = 4                                         {product} {ergonomic}
     uint ConcGCThreads                            = 2                                         {product} {ergonomic}
     uint G1ConcRefinementThreads                  = 8                                         {product} {ergonomic}
   size_t G1HeapRegionSize                         = 2097152                                   {product} {ergonomic}
    uintx GCDrainStackTargetSize                   = 64                                        {product} {ergonomic}
   size_t InitialHeapSize                          = 264241152                                 {product} {ergonomic}
   size_t MarkStackSize                            = 4194304                                   {product} {ergonomic}
   size_t MaxHeapSize                              = 4213178368                                {product} {ergonomic}
   size_t MaxNewSize                               = 2527068160                                {product} {ergonomic}
   size_t MinHeapDeltaBytes                        = 2097152                                   {product} {ergonomic}
   size_t MinHeapSize                              = 8388608                                   {product} {ergonomic}
    uintx NonNMethodCodeHeapSize                   = 5839372                                {pd product} {ergonomic}
    uintx NonProfiledCodeHeapSize                  = 122909434                              {pd product} {ergonomic}
    uintx ProfiledCodeHeapSize                     = 122909434                              {pd product} {ergonomic}
    uintx ReservedCodeCacheSize                    = 251658240                              {pd product} {ergonomic}
     bool SegmentedCodeCache                       = true                                      {product} {ergonomic}
   size_t SoftMaxHeapSize                          = 4213178368                             {manageable} {ergonomic}
     bool UseCompressedClassPointers               = true                           {product lp64_product} {ergonomic}
     bool UseCompressedOops                        = true                           {product lp64_product} {ergonomic}
     bool UseG1GC                                  = true                                      {product} {ergonomic}
     bool UseLargePagesIndividualAllocation        = false                                  {pd product} {ergonomic}

Logging:
Log output configuration:
 #0: stdout all=warning uptime,level,tags foldmultilines=false
 #1: stderr all=off uptime,level,tags foldmultilines=false

Environment Variables:
PATH=C:\Program Files (x86)\Common Files\Intel\Shared Libraries\redist\intel64\compiler;C:\Program Files\Common Files\Oracle\Java\javapath;C:\Program Files (x86)\Common Files\Oracle\Java\javapath;C:\Windows\system32;C:\Windows;C:\Windows\System32\Wbem;C:\Windows\System32\WindowsPowerShell\v1.0\;C:\Windows\System32\OpenSSH\;C:\Program Files (x86)\Wolfram Research\WolframScript\;C:\Program Files\Git\cmd;C:\Program Files\Microsoft SQL Server\150\Tools\Binn\;C:\Program Files\Microsoft SQL Server\Client SDK\ODBC\170\Tools\Binn\;C:\Program Files\dotnet\;C:\Users\herztard\AppData\Local\Programs\Python\Python310\Scripts\;C:\Users\herztard\AppData\Local\Programs\Python\Python310\;C:\Users\herztard\AppData\Local\Microsoft\WindowsApps;;C:\Program Files\JetBrains\DataGrip 2022.2.5\bin;;C:\Program Files\JetBrains\IntelliJ IDEA 2022.2.3\bin;;C:\Program Files\JetBrains\PyCharm 2022.2.3\bin;;C:\Users\herztard\.dotnet\tools;C:\Program Files\JetBrains\WebStorm 2023.1\bin;;C:\Users\herztard\AppData\Local\SceneBuilder\app
USERNAME=herztard
OS=Windows_NT
PROCESSOR_IDENTIFIER=AMD64 Family 23 Model 24 Stepping 1, AuthenticAMD
TMP=C:\Users\herztard\AppData\Local\Temp
TEMP=C:\Users\herztard\AppData\Local\Temp



---------------  S Y S T E M  ---------------

OS:
 Windows 10 , 64 bit Build 19041 (10.0.19041.1889)
OS uptime: 0 days 4:21 hours

CPU: total 8 (initial active 8) (8 cores per cpu, 2 threads per core) family 23 model 24 stepping 1 microcode 0x0, cx8, cmov, fxsr, ht, mmx, 3dnowpref, sse, sse2, sse3, ssse3, sse4a, sse4.1, sse4.2, popcnt, lzcnt, tsc, tscinvbit, avx, avx2, aes, clmul, bmi1, bmi2, adx, sha, fma, vzeroupper, clflush, clflushopt, rdtscp

Memory: 4k page, system-wide physical 16066M (5675M free)
TotalPageFile size 18114M (AvailPageFile size 6M)
current process WorkingSet (physical memory assigned to process): 899M, peak: 900M
current process commit charge ("private bytes"): 941M, peak: 945M

vm_info: OpenJDK 64-Bit Server VM (19+36-2238) for windows-amd64 JRE (19+36-2238), built on 2022-08-12T20:29:01Z by "mach5one" with MS VC++ 17.1 (VS2022)

END.
